18/07/23 16:44:13 INFO SparkContext: Running Spark version 2.2.0
18/07/23 16:44:15 INFO SparkContext: Submitted application: sparklyr
18/07/23 16:44:15 INFO SecurityManager: Changing view acls to: tehno-gate
18/07/23 16:44:15 INFO SecurityManager: Changing modify acls to: tehno-gate
18/07/23 16:44:15 INFO SecurityManager: Changing view acls groups to: 
18/07/23 16:44:15 INFO SecurityManager: Changing modify acls groups to: 
18/07/23 16:44:15 INFO SecurityManager: SecurityManager: authentication disabled; ui acls disabled; users  with view permissions: Set(tehno-gate); groups with view permissions: Set(); users  with modify permissions: Set(tehno-gate); groups with modify permissions: Set()
18/07/23 16:44:15 INFO Utils: Successfully started service 'sparkDriver' on port 62048.
18/07/23 16:44:15 INFO SparkEnv: Registering MapOutputTracker
18/07/23 16:44:15 INFO SparkEnv: Registering BlockManagerMaster
18/07/23 16:44:15 INFO BlockManagerMasterEndpoint: Using org.apache.spark.storage.DefaultTopologyMapper for getting topology information
18/07/23 16:44:15 INFO BlockManagerMasterEndpoint: BlockManagerMasterEndpoint up
18/07/23 16:44:16 INFO DiskBlockManager: Created local directory at C:\Users\tehno-gate\AppData\Local\Temp\blockmgr-563f85e0-4d13-4746-a56b-c5811e89780a
18/07/23 16:44:16 INFO MemoryStore: MemoryStore started with capacity 366.3 MB
18/07/23 16:44:16 INFO SparkEnv: Registering OutputCommitCoordinator
18/07/23 16:44:17 INFO Utils: Successfully started service 'SparkUI' on port 4040.
18/07/23 16:44:17 INFO SparkUI: Bound SparkUI to 127.0.0.1, and started at http://127.0.0.1:4040
18/07/23 16:44:17 INFO SparkContext: Added JAR file:/C:/Users/tehno-gate/Documents/R/win-library/3.4/sparklyr/java/sparklyr-2.2-2.11.jar at spark://127.0.0.1:62048/jars/sparklyr-2.2-2.11.jar with timestamp 1532353457226
18/07/23 16:44:17 INFO Executor: Starting executor ID driver on host localhost
18/07/23 16:44:17 INFO Utils: Successfully started service 'org.apache.spark.network.netty.NettyBlockTransferService' on port 62069.
18/07/23 16:44:17 INFO NettyBlockTransferService: Server created on 127.0.0.1:62069
18/07/23 16:44:17 INFO BlockManager: Using org.apache.spark.storage.RandomBlockReplicationPolicy for block replication policy
18/07/23 16:44:17 INFO BlockManagerMaster: Registering BlockManager BlockManagerId(driver, 127.0.0.1, 62069, None)
18/07/23 16:44:17 INFO BlockManagerMasterEndpoint: Registering block manager 127.0.0.1:62069 with 366.3 MB RAM, BlockManagerId(driver, 127.0.0.1, 62069, None)
18/07/23 16:44:17 INFO BlockManagerMaster: Registered BlockManager BlockManagerId(driver, 127.0.0.1, 62069, None)
18/07/23 16:44:17 INFO BlockManager: Initialized BlockManager: BlockManagerId(driver, 127.0.0.1, 62069, None)
18/07/23 16:44:18 WARN SparkContext: Using an existing SparkContext; some configuration may not take effect.
18/07/23 16:44:19 INFO SharedState: loading hive config file: file:/C:/Users/tehno-gate/AppData/Local/spark/spark-2.2.0-bin-hadoop2.7/conf/hive-site.xml
18/07/23 16:44:19 INFO SharedState: Setting hive.metastore.warehouse.dir ('C:\Users\tehno-gate\AppData\Local\spark\spark-2.2.0-bin-hadoop2.7\tmp\hive') to the value of spark.sql.warehouse.dir ('C:Users	ehno-gateAppDataLocalsparkspark-2.2.0-bin-hadoop2.7	mphive').
18/07/23 16:44:19 INFO SharedState: Warehouse path is 'C:Users	ehno-gateAppDataLocalsparkspark-2.2.0-bin-hadoop2.7	mphive'.
18/07/23 16:44:21 INFO HiveUtils: Initializing HiveMetastoreConnection version 1.2.1 using Spark classes.
18/07/23 16:44:22 INFO HiveMetaStore: 0: Opening raw store with implemenation class:org.apache.hadoop.hive.metastore.ObjectStore
18/07/23 16:44:22 INFO ObjectStore: ObjectStore, initialize called
18/07/23 16:44:22 INFO Persistence: Property hive.metastore.integral.jdo.pushdown unknown - will be ignored
18/07/23 16:44:22 INFO Persistence: Property datanucleus.cache.level2 unknown - will be ignored
18/07/23 16:44:25 INFO ObjectStore: Setting MetaStore object pin classes with hive.metastore.cache.pinobjtypes="Table,StorageDescriptor,SerDeInfo,Partition,Database,Type,FieldSchema,Order"
18/07/23 16:44:27 INFO Datastore: The class "org.apache.hadoop.hive.metastore.model.MFieldSchema" is tagged as "embedded-only" so does not have its own datastore table.
18/07/23 16:44:27 INFO Datastore: The class "org.apache.hadoop.hive.metastore.model.MOrder" is tagged as "embedded-only" so does not have its own datastore table.
18/07/23 16:44:29 INFO Datastore: The class "org.apache.hadoop.hive.metastore.model.MFieldSchema" is tagged as "embedded-only" so does not have its own datastore table.
18/07/23 16:44:29 INFO Datastore: The class "org.apache.hadoop.hive.metastore.model.MOrder" is tagged as "embedded-only" so does not have its own datastore table.
18/07/23 16:44:29 INFO MetaStoreDirectSql: Using direct SQL, underlying DB is DERBY
18/07/23 16:44:29 INFO ObjectStore: Initialized ObjectStore
18/07/23 16:44:29 WARN ObjectStore: Version information not found in metastore. hive.metastore.schema.verification is not enabled so recording the schema version 1.2.0
18/07/23 16:44:30 WARN ObjectStore: Failed to get database default, returning NoSuchObjectException
18/07/23 16:44:30 INFO HiveMetaStore: Added admin role in metastore
18/07/23 16:44:30 INFO HiveMetaStore: Added public role in metastore
18/07/23 16:44:30 INFO HiveMetaStore: No user is added in admin role, since config is empty
18/07/23 16:44:30 INFO HiveMetaStore: 0: get_all_databases
18/07/23 16:44:30 INFO audit: ugi=tehno-gate	ip=unknown-ip-addr	cmd=get_all_databases	
18/07/23 16:44:30 INFO HiveMetaStore: 0: get_functions: db=default pat=*
18/07/23 16:44:30 INFO audit: ugi=tehno-gate	ip=unknown-ip-addr	cmd=get_functions: db=default pat=*	
18/07/23 16:44:30 INFO Datastore: The class "org.apache.hadoop.hive.metastore.model.MResourceUri" is tagged as "embedded-only" so does not have its own datastore table.
18/07/23 16:44:37 INFO SessionState: Created local directory: C:/Users/TEHNO-~1/AppData/Local/Temp/9d55b241-7878-408a-94b3-409edfea8664_resources
18/07/23 16:44:37 INFO SessionState: Created HDFS directory: C:/Users/tehno-gate/AppData/Local/spark/spark-2.2.0-bin-hadoop2.7/tmp/hive/tehno-gate/9d55b241-7878-408a-94b3-409edfea8664
18/07/23 16:44:37 INFO SessionState: Created local directory: C:/Users/tehno-gate/AppData/Local/spark/spark-2.2.0-bin-hadoop2.7/tmp/hive/9d55b241-7878-408a-94b3-409edfea8664
18/07/23 16:44:37 INFO SessionState: Created HDFS directory: C:/Users/tehno-gate/AppData/Local/spark/spark-2.2.0-bin-hadoop2.7/tmp/hive/tehno-gate/9d55b241-7878-408a-94b3-409edfea8664/_tmp_space.db
18/07/23 16:44:37 INFO HiveClientImpl: Warehouse location for Hive client (version 1.2.1) is C:Users	ehno-gateAppDataLocalsparkspark-2.2.0-bin-hadoop2.7	mphive
18/07/23 16:44:37 INFO HiveMetaStore: 0: get_database: default
18/07/23 16:44:37 INFO audit: ugi=tehno-gate	ip=unknown-ip-addr	cmd=get_database: default	
18/07/23 16:44:37 INFO HiveMetaStore: 0: get_database: global_temp
18/07/23 16:44:37 INFO audit: ugi=tehno-gate	ip=unknown-ip-addr	cmd=get_database: global_temp	
18/07/23 16:44:37 WARN ObjectStore: Failed to get database global_temp, returning NoSuchObjectException
18/07/23 16:44:37 INFO SessionState: Created local directory: C:/Users/TEHNO-~1/AppData/Local/Temp/2e57b6b3-d59c-4467-9739-2bfb02b6c740_resources
18/07/23 16:44:37 INFO SessionState: Created HDFS directory: C:/Users/tehno-gate/AppData/Local/spark/spark-2.2.0-bin-hadoop2.7/tmp/hive/tehno-gate/2e57b6b3-d59c-4467-9739-2bfb02b6c740
18/07/23 16:44:37 INFO SessionState: Created local directory: C:/Users/tehno-gate/AppData/Local/spark/spark-2.2.0-bin-hadoop2.7/tmp/hive/2e57b6b3-d59c-4467-9739-2bfb02b6c740
18/07/23 16:44:37 INFO SessionState: Created HDFS directory: C:/Users/tehno-gate/AppData/Local/spark/spark-2.2.0-bin-hadoop2.7/tmp/hive/tehno-gate/2e57b6b3-d59c-4467-9739-2bfb02b6c740/_tmp_space.db
18/07/23 16:44:37 INFO HiveClientImpl: Warehouse location for Hive client (version 1.2.1) is C:Users	ehno-gateAppDataLocalsparkspark-2.2.0-bin-hadoop2.7	mphive
18/07/23 16:44:37 INFO StateStoreCoordinatorRef: Registered StateStoreCoordinator endpoint
18/07/23 16:44:37 INFO SparkSqlParser: Parsing command: SHOW TABLES
18/07/23 16:44:41 INFO HiveMetaStore: 0: get_database: default
18/07/23 16:44:41 INFO audit: ugi=tehno-gate	ip=unknown-ip-addr	cmd=get_database: default	
18/07/23 16:44:41 INFO HiveMetaStore: 0: get_database: default
18/07/23 16:44:41 INFO audit: ugi=tehno-gate	ip=unknown-ip-addr	cmd=get_database: default	
18/07/23 16:44:41 INFO HiveMetaStore: 0: get_tables: db=default pat=*
18/07/23 16:44:41 INFO audit: ugi=tehno-gate	ip=unknown-ip-addr	cmd=get_tables: db=default pat=*	
18/07/23 16:44:41 WARN SparkSession$Builder: Using an existing SparkSession; some configuration may not take effect.
18/07/23 16:44:41 INFO SparkSqlParser: Parsing command: SHOW TABLES
18/07/23 16:44:41 INFO HiveMetaStore: 0: get_database: default
18/07/23 16:44:41 INFO audit: ugi=tehno-gate	ip=unknown-ip-addr	cmd=get_database: default	
18/07/23 16:44:41 INFO HiveMetaStore: 0: get_database: default
18/07/23 16:44:41 INFO audit: ugi=tehno-gate	ip=unknown-ip-addr	cmd=get_database: default	
18/07/23 16:44:41 INFO HiveMetaStore: 0: get_tables: db=default pat=*
18/07/23 16:44:41 INFO audit: ugi=tehno-gate	ip=unknown-ip-addr	cmd=get_tables: db=default pat=*	
18/07/23 16:45:17 WARN SparkSession$Builder: Using an existing SparkSession; some configuration may not take effect.
18/07/23 16:45:17 INFO SparkSqlParser: Parsing command: SHOW TABLES
18/07/23 16:45:17 INFO HiveMetaStore: 0: get_database: default
18/07/23 16:45:17 INFO audit: ugi=tehno-gate	ip=unknown-ip-addr	cmd=get_database: default	
18/07/23 16:45:17 INFO HiveMetaStore: 0: get_database: default
18/07/23 16:45:17 INFO audit: ugi=tehno-gate	ip=unknown-ip-addr	cmd=get_database: default	
18/07/23 16:45:17 INFO HiveMetaStore: 0: get_tables: db=default pat=*
18/07/23 16:45:17 INFO audit: ugi=tehno-gate	ip=unknown-ip-addr	cmd=get_tables: db=default pat=*	
18/07/23 16:45:18 INFO SparkContext: Starting job: collect at utils.scala:58
18/07/23 16:45:18 INFO DAGScheduler: Got job 0 (collect at utils.scala:58) with 1 output partitions
18/07/23 16:45:18 INFO DAGScheduler: Final stage: ResultStage 0 (collect at utils.scala:58)
18/07/23 16:45:18 INFO DAGScheduler: Parents of final stage: List()
18/07/23 16:45:18 INFO DAGScheduler: Missing parents: List()
18/07/23 16:45:18 INFO DAGScheduler: Submitting ResultStage 0 (MapPartitionsRDD[4] at map at utils.scala:55), which has no missing parents
18/07/23 16:45:18 INFO MemoryStore: Block broadcast_0 stored as values in memory (estimated size 6.0 KB, free 366.3 MB)
18/07/23 16:45:18 INFO MemoryStore: Block broadcast_0_piece0 stored as bytes in memory (estimated size 3.4 KB, free 366.3 MB)
18/07/23 16:45:18 INFO BlockManagerInfo: Added broadcast_0_piece0 in memory on 127.0.0.1:62069 (size: 3.4 KB, free: 366.3 MB)
18/07/23 16:45:18 INFO SparkContext: Created broadcast 0 from broadcast at DAGScheduler.scala:1006
18/07/23 16:45:18 INFO DAGScheduler: Submitting 1 missing tasks from ResultStage 0 (MapPartitionsRDD[4] at map at utils.scala:55) (first 15 tasks are for partitions Vector(0))
18/07/23 16:45:18 INFO TaskSchedulerImpl: Adding task set 0.0 with 1 tasks
18/07/23 16:45:18 INFO TaskSetManager: Starting task 0.0 in stage 0.0 (TID 0, localhost, executor driver, partition 0, PROCESS_LOCAL, 4852 bytes)
18/07/23 16:45:18 INFO Executor: Running task 0.0 in stage 0.0 (TID 0)
18/07/23 16:45:18 INFO Executor: Fetching spark://127.0.0.1:62048/jars/sparklyr-2.2-2.11.jar with timestamp 1532353457226
18/07/23 16:45:18 INFO TransportClientFactory: Successfully created connection to /127.0.0.1:62048 after 36 ms (0 ms spent in bootstraps)
18/07/23 16:45:18 INFO Utils: Fetching spark://127.0.0.1:62048/jars/sparklyr-2.2-2.11.jar to C:\Users\tehno-gate\AppData\Local\Temp\spark-130400f1-cfa3-45ba-8dc4-6167d5d9e6a1\userFiles-60945eb5-672f-41e4-a568-21ec7722b4b2\fetchFileTemp7193575043333307562.tmp
18/07/23 16:45:18 INFO Executor: Adding file:/C:/Users/tehno-gate/AppData/Local/Temp/spark-130400f1-cfa3-45ba-8dc4-6167d5d9e6a1/userFiles-60945eb5-672f-41e4-a568-21ec7722b4b2/sparklyr-2.2-2.11.jar to class loader
18/07/23 16:45:19 INFO CodeGenerator: Code generated in 546.200691 ms
18/07/23 16:45:19 INFO Executor: Finished task 0.0 in stage 0.0 (TID 0). 1013 bytes result sent to driver
18/07/23 16:45:19 INFO TaskSetManager: Finished task 0.0 in stage 0.0 (TID 0) in 1530 ms on localhost (executor driver) (1/1)
18/07/23 16:45:19 INFO TaskSchedulerImpl: Removed TaskSet 0.0, whose tasks have all completed, from pool 
18/07/23 16:45:19 INFO DAGScheduler: ResultStage 0 (collect at utils.scala:58) finished in 1.572 s
18/07/23 16:45:19 INFO DAGScheduler: Job 0 finished: collect at utils.scala:58, took 1.956594 s
18/07/23 16:45:43 WARN SparkSession$Builder: Using an existing SparkSession; some configuration may not take effect.
18/07/23 16:45:43 INFO SparkSqlParser: Parsing command: flights
18/07/23 16:45:43 WARN SparkSession$Builder: Using an existing SparkSession; some configuration may not take effect.
18/07/23 16:45:43 INFO SparkSqlParser: Parsing command: CACHE TABLE `flights`
18/07/23 16:45:43 INFO SparkSqlParser: Parsing command: `flights`
18/07/23 16:45:44 INFO BlockManagerInfo: Removed broadcast_0_piece0 on 127.0.0.1:62069 in memory (size: 3.4 KB, free: 366.3 MB)
18/07/23 16:45:44 INFO ContextCleaner: Cleaned accumulator 0
18/07/23 16:45:44 INFO CodeGenerator: Code generated in 38.695527 ms
18/07/23 16:45:44 INFO CodeGenerator: Code generated in 21.823927 ms
18/07/23 16:45:44 INFO SparkContext: Starting job: sql at NativeMethodAccessorImpl.java:0
18/07/23 16:45:44 INFO DAGScheduler: Registering RDD 12 (sql at NativeMethodAccessorImpl.java:0)
18/07/23 16:45:44 INFO DAGScheduler: Got job 1 (sql at NativeMethodAccessorImpl.java:0) with 1 output partitions
18/07/23 16:45:44 INFO DAGScheduler: Final stage: ResultStage 2 (sql at NativeMethodAccessorImpl.java:0)
18/07/23 16:45:44 INFO DAGScheduler: Parents of final stage: List(ShuffleMapStage 1)
18/07/23 16:45:44 INFO DAGScheduler: Missing parents: List(ShuffleMapStage 1)
18/07/23 16:45:44 INFO DAGScheduler: Submitting ShuffleMapStage 1 (MapPartitionsRDD[12] at sql at NativeMethodAccessorImpl.java:0), which has no missing parents
18/07/23 16:45:44 INFO MemoryStore: Block broadcast_1 stored as values in memory (estimated size 30.7 KB, free 366.3 MB)
18/07/23 16:45:44 INFO MemoryStore: Block broadcast_1_piece0 stored as bytes in memory (estimated size 11.8 KB, free 366.3 MB)
18/07/23 16:45:44 INFO BlockManagerInfo: Added broadcast_1_piece0 in memory on 127.0.0.1:62069 (size: 11.8 KB, free: 366.3 MB)
18/07/23 16:45:44 INFO SparkContext: Created broadcast 1 from broadcast at DAGScheduler.scala:1006
18/07/23 16:45:44 INFO DAGScheduler: Submitting 1 missing tasks from ShuffleMapStage 1 (MapPartitionsRDD[12] at sql at NativeMethodAccessorImpl.java:0) (first 15 tasks are for partitions Vector(0))
18/07/23 16:45:44 INFO TaskSchedulerImpl: Adding task set 1.0 with 1 tasks
18/07/23 16:45:44 WARN TaskSetManager: Stage 1 contains a task of very large size (27699 KB). The maximum recommended task size is 100 KB.
18/07/23 16:45:44 INFO TaskSetManager: Starting task 0.0 in stage 1.0 (TID 1, localhost, executor driver, partition 0, PROCESS_LOCAL, 28364103 bytes)
18/07/23 16:45:44 INFO Executor: Running task 0.0 in stage 1.0 (TID 1)
18/07/23 16:45:45 INFO ContextCleaner: Cleaned accumulator 51
18/07/23 16:45:45 INFO CodeGenerator: Code generated in 63.530213 ms
18/07/23 16:45:46 INFO CodeGenerator: Code generated in 303.367015 ms
18/07/23 16:45:56 INFO MemoryStore: Block rdd_9_0 stored as values in memory (estimated size 22.5 MB, free 343.8 MB)
18/07/23 16:45:56 INFO BlockManagerInfo: Added rdd_9_0 in memory on 127.0.0.1:62069 (size: 22.5 MB, free: 343.8 MB)
18/07/23 16:45:56 INFO CodeGenerator: Code generated in 12.050884 ms
18/07/23 16:45:56 INFO CodeGenerator: Code generated in 42.509236 ms
18/07/23 16:45:56 INFO Executor: Finished task 0.0 in stage 1.0 (TID 1). 2371 bytes result sent to driver
18/07/23 16:45:56 INFO TaskSetManager: Finished task 0.0 in stage 1.0 (TID 1) in 12225 ms on localhost (executor driver) (1/1)
18/07/23 16:45:56 INFO TaskSchedulerImpl: Removed TaskSet 1.0, whose tasks have all completed, from pool 
18/07/23 16:45:56 INFO DAGScheduler: ShuffleMapStage 1 (sql at NativeMethodAccessorImpl.java:0) finished in 12.228 s
18/07/23 16:45:56 INFO DAGScheduler: looking for newly runnable stages
18/07/23 16:45:56 INFO DAGScheduler: running: Set()
18/07/23 16:45:56 INFO DAGScheduler: waiting: Set(ResultStage 2)
18/07/23 16:45:56 INFO DAGScheduler: failed: Set()
18/07/23 16:45:56 INFO DAGScheduler: Submitting ResultStage 2 (MapPartitionsRDD[15] at sql at NativeMethodAccessorImpl.java:0), which has no missing parents
18/07/23 16:45:56 INFO MemoryStore: Block broadcast_2 stored as values in memory (estimated size 7.0 KB, free 343.8 MB)
18/07/23 16:45:56 INFO MemoryStore: Block broadcast_2_piece0 stored as bytes in memory (estimated size 3.7 KB, free 343.8 MB)
18/07/23 16:45:56 INFO BlockManagerInfo: Added broadcast_2_piece0 in memory on 127.0.0.1:62069 (size: 3.7 KB, free: 343.8 MB)
18/07/23 16:45:56 INFO SparkContext: Created broadcast 2 from broadcast at DAGScheduler.scala:1006
18/07/23 16:45:56 INFO DAGScheduler: Submitting 1 missing tasks from ResultStage 2 (MapPartitionsRDD[15] at sql at NativeMethodAccessorImpl.java:0) (first 15 tasks are for partitions Vector(0))
18/07/23 16:45:56 INFO TaskSchedulerImpl: Adding task set 2.0 with 1 tasks
18/07/23 16:45:56 INFO TaskSetManager: Starting task 0.0 in stage 2.0 (TID 2, localhost, executor driver, partition 0, ANY, 4726 bytes)
18/07/23 16:45:56 INFO Executor: Running task 0.0 in stage 2.0 (TID 2)
18/07/23 16:45:56 INFO ShuffleBlockFetcherIterator: Getting 1 non-empty blocks out of 1 blocks
18/07/23 16:45:56 INFO ShuffleBlockFetcherIterator: Started 0 remote fetches in 17 ms
18/07/23 16:45:56 INFO Executor: Finished task 0.0 in stage 2.0 (TID 2). 1581 bytes result sent to driver
18/07/23 16:45:56 INFO TaskSetManager: Finished task 0.0 in stage 2.0 (TID 2) in 91 ms on localhost (executor driver) (1/1)
18/07/23 16:45:56 INFO TaskSchedulerImpl: Removed TaskSet 2.0, whose tasks have all completed, from pool 
18/07/23 16:45:56 INFO DAGScheduler: ResultStage 2 (sql at NativeMethodAccessorImpl.java:0) finished in 0.092 s
18/07/23 16:45:56 INFO DAGScheduler: Job 1 finished: sql at NativeMethodAccessorImpl.java:0, took 12.437646 s
18/07/23 16:45:56 WARN SparkSession$Builder: Using an existing SparkSession; some configuration may not take effect.
18/07/23 16:45:56 INFO SparkSqlParser: Parsing command: SELECT count(*) FROM  `flights`
18/07/23 16:45:57 INFO HiveMetaStore: 0: get_database: default
18/07/23 16:45:57 INFO audit: ugi=tehno-gate	ip=unknown-ip-addr	cmd=get_database: default	
18/07/23 16:45:57 INFO SparkContext: Starting job: collect at utils.scala:211
18/07/23 16:45:57 INFO DAGScheduler: Registering RDD 18 (collect at utils.scala:211)
18/07/23 16:45:57 INFO DAGScheduler: Got job 2 (collect at utils.scala:211) with 1 output partitions
18/07/23 16:45:57 INFO DAGScheduler: Final stage: ResultStage 4 (collect at utils.scala:211)
18/07/23 16:45:57 INFO DAGScheduler: Parents of final stage: List(ShuffleMapStage 3)
18/07/23 16:45:57 INFO DAGScheduler: Missing parents: List(ShuffleMapStage 3)
18/07/23 16:45:57 INFO DAGScheduler: Submitting ShuffleMapStage 3 (MapPartitionsRDD[18] at collect at utils.scala:211), which has no missing parents
18/07/23 16:45:57 INFO MemoryStore: Block broadcast_3 stored as values in memory (estimated size 30.7 KB, free 343.7 MB)
18/07/23 16:45:57 INFO MemoryStore: Block broadcast_3_piece0 stored as bytes in memory (estimated size 11.7 KB, free 343.7 MB)
18/07/23 16:45:57 INFO BlockManagerInfo: Added broadcast_3_piece0 in memory on 127.0.0.1:62069 (size: 11.7 KB, free: 343.8 MB)
18/07/23 16:45:57 INFO SparkContext: Created broadcast 3 from broadcast at DAGScheduler.scala:1006
18/07/23 16:45:57 INFO DAGScheduler: Submitting 1 missing tasks from ShuffleMapStage 3 (MapPartitionsRDD[18] at collect at utils.scala:211) (first 15 tasks are for partitions Vector(0))
18/07/23 16:45:57 INFO TaskSchedulerImpl: Adding task set 3.0 with 1 tasks
18/07/23 16:45:57 INFO ContextCleaner: Cleaned accumulator 112
18/07/23 16:45:57 INFO BlockManagerInfo: Removed broadcast_2_piece0 on 127.0.0.1:62069 in memory (size: 3.7 KB, free: 343.8 MB)
18/07/23 16:45:57 WARN TaskSetManager: Stage 3 contains a task of very large size (27699 KB). The maximum recommended task size is 100 KB.
18/07/23 16:45:57 INFO TaskSetManager: Starting task 0.0 in stage 3.0 (TID 3, localhost, executor driver, partition 0, PROCESS_LOCAL, 28364103 bytes)
18/07/23 16:45:57 INFO Executor: Running task 0.0 in stage 3.0 (TID 3)
18/07/23 16:45:58 INFO BlockManager: Found block rdd_9_0 locally
18/07/23 16:45:58 INFO Executor: Finished task 0.0 in stage 3.0 (TID 3). 1690 bytes result sent to driver
18/07/23 16:45:58 INFO TaskSetManager: Finished task 0.0 in stage 3.0 (TID 3) in 1010 ms on localhost (executor driver) (1/1)
18/07/23 16:45:58 INFO TaskSchedulerImpl: Removed TaskSet 3.0, whose tasks have all completed, from pool 
18/07/23 16:45:58 INFO DAGScheduler: ShuffleMapStage 3 (collect at utils.scala:211) finished in 1.012 s
18/07/23 16:45:58 INFO DAGScheduler: looking for newly runnable stages
18/07/23 16:45:58 INFO DAGScheduler: running: Set()
18/07/23 16:45:58 INFO DAGScheduler: waiting: Set(ResultStage 4)
18/07/23 16:45:58 INFO DAGScheduler: failed: Set()
18/07/23 16:45:58 INFO DAGScheduler: Submitting ResultStage 4 (MapPartitionsRDD[21] at collect at utils.scala:211), which has no missing parents
18/07/23 16:45:58 INFO MemoryStore: Block broadcast_4 stored as values in memory (estimated size 7.0 KB, free 343.7 MB)
18/07/23 16:45:58 INFO MemoryStore: Block broadcast_4_piece0 stored as bytes in memory (estimated size 3.7 KB, free 343.7 MB)
18/07/23 16:45:58 INFO BlockManagerInfo: Added broadcast_4_piece0 in memory on 127.0.0.1:62069 (size: 3.7 KB, free: 343.8 MB)
18/07/23 16:45:58 INFO SparkContext: Created broadcast 4 from broadcast at DAGScheduler.scala:1006
18/07/23 16:45:58 INFO DAGScheduler: Submitting 1 missing tasks from ResultStage 4 (MapPartitionsRDD[21] at collect at utils.scala:211) (first 15 tasks are for partitions Vector(0))
18/07/23 16:45:58 INFO TaskSchedulerImpl: Adding task set 4.0 with 1 tasks
18/07/23 16:45:58 INFO TaskSetManager: Starting task 0.0 in stage 4.0 (TID 4, localhost, executor driver, partition 0, ANY, 4726 bytes)
18/07/23 16:45:58 INFO Executor: Running task 0.0 in stage 4.0 (TID 4)
18/07/23 16:45:58 INFO ShuffleBlockFetcherIterator: Getting 1 non-empty blocks out of 1 blocks
18/07/23 16:45:58 INFO ShuffleBlockFetcherIterator: Started 0 remote fetches in 1 ms
18/07/23 16:45:58 INFO Executor: Finished task 0.0 in stage 4.0 (TID 4). 1538 bytes result sent to driver
18/07/23 16:45:58 INFO TaskSetManager: Finished task 0.0 in stage 4.0 (TID 4) in 12 ms on localhost (executor driver) (1/1)
18/07/23 16:45:58 INFO TaskSchedulerImpl: Removed TaskSet 4.0, whose tasks have all completed, from pool 
18/07/23 16:45:58 INFO DAGScheduler: ResultStage 4 (collect at utils.scala:211) finished in 0.013 s
18/07/23 16:45:58 INFO DAGScheduler: Job 2 finished: collect at utils.scala:211, took 1.071829 s
18/07/23 16:45:58 INFO CodeGenerator: Code generated in 13.931476 ms
18/07/23 16:45:58 WARN SparkSession$Builder: Using an existing SparkSession; some configuration may not take effect.
18/07/23 16:45:58 INFO SparkSqlParser: Parsing command: SELECT *
FROM `flights` AS `zzz1`
WHERE (0 = 1)
18/07/23 16:45:59 WARN SparkSession$Builder: Using an existing SparkSession; some configuration may not take effect.
18/07/23 16:45:59 INFO SparkSqlParser: Parsing command: SELECT *
FROM `flights`
18/07/23 16:45:59 INFO BlockManagerInfo: Removed broadcast_4_piece0 on 127.0.0.1:62069 in memory (size: 3.7 KB, free: 343.8 MB)
18/07/23 16:46:00 INFO BlockManagerInfo: Removed broadcast_3_piece0 on 127.0.0.1:62069 in memory (size: 11.7 KB, free: 343.8 MB)
18/07/23 16:46:00 INFO SparkSqlParser: Parsing command: sparklyr_tmp_c34328972e3
18/07/23 16:46:00 WARN SparkSession$Builder: Using an existing SparkSession; some configuration may not take effect.
18/07/23 16:46:00 INFO SparkSqlParser: Parsing command: SELECT *
FROM `sparklyr_tmp_c34328972e3` AS `zzz2`
WHERE (0 = 1)
18/07/23 16:46:00 WARN SparkSession$Builder: Using an existing SparkSession; some configuration may not take effect.
18/07/23 16:46:00 INFO SparkSqlParser: Parsing command: SELECT *
FROM `sparklyr_tmp_c34328972e3`
18/07/23 16:46:00 INFO CodeGenerator: Code generated in 65.862993 ms
18/07/23 16:46:01 INFO SparkContext: Starting job: collect at utils.scala:211
18/07/23 16:46:01 INFO DAGScheduler: Got job 3 (collect at utils.scala:211) with 1 output partitions
18/07/23 16:46:01 INFO DAGScheduler: Final stage: ResultStage 5 (collect at utils.scala:211)
18/07/23 16:46:01 INFO DAGScheduler: Parents of final stage: List()
18/07/23 16:46:01 INFO DAGScheduler: Missing parents: List()
18/07/23 16:46:01 INFO DAGScheduler: Submitting ResultStage 5 (MapPartitionsRDD[24] at collect at utils.scala:211), which has no missing parents
18/07/23 16:46:01 INFO MemoryStore: Block broadcast_5 stored as values in memory (estimated size 39.5 KB, free 343.7 MB)
18/07/23 16:46:01 INFO MemoryStore: Block broadcast_5_piece0 stored as bytes in memory (estimated size 14.9 KB, free 343.7 MB)
18/07/23 16:46:01 INFO BlockManagerInfo: Added broadcast_5_piece0 in memory on 127.0.0.1:62069 (size: 14.9 KB, free: 343.8 MB)
18/07/23 16:46:01 INFO SparkContext: Created broadcast 5 from broadcast at DAGScheduler.scala:1006
18/07/23 16:46:01 INFO DAGScheduler: Submitting 1 missing tasks from ResultStage 5 (MapPartitionsRDD[24] at collect at utils.scala:211) (first 15 tasks are for partitions Vector(0))
18/07/23 16:46:01 INFO TaskSchedulerImpl: Adding task set 5.0 with 1 tasks
18/07/23 16:46:01 WARN TaskSetManager: Stage 5 contains a task of very large size (27699 KB). The maximum recommended task size is 100 KB.
18/07/23 16:46:01 INFO TaskSetManager: Starting task 0.0 in stage 5.0 (TID 5, localhost, executor driver, partition 0, PROCESS_LOCAL, 28364114 bytes)
18/07/23 16:46:01 INFO Executor: Running task 0.0 in stage 5.0 (TID 5)
18/07/23 16:46:02 INFO BlockManager: Found block rdd_9_0 locally
18/07/23 16:46:02 INFO CodeGenerator: Code generated in 63.773513 ms
18/07/23 16:46:04 INFO BlockManagerInfo: Removed broadcast_1_piece0 on 127.0.0.1:62069 in memory (size: 11.8 KB, free: 343.8 MB)
18/07/23 16:46:04 INFO MemoryStore: Block taskresult_5 stored as bytes in memory (estimated size 19.2 MB, free 324.6 MB)
18/07/23 16:46:04 INFO BlockManagerInfo: Added taskresult_5 in memory on 127.0.0.1:62069 (size: 19.2 MB, free: 324.6 MB)
18/07/23 16:46:04 INFO Executor: Finished task 0.0 in stage 5.0 (TID 5). 20117378 bytes result sent via BlockManager)
18/07/23 16:46:04 INFO ContextCleaner: Cleaned shuffle 0
18/07/23 16:46:04 INFO ContextCleaner: Cleaned accumulator 52
18/07/23 16:46:04 INFO ContextCleaner: Cleaned accumulator 54
18/07/23 16:46:04 INFO ContextCleaner: Cleaned accumulator 62
18/07/23 16:46:04 INFO ContextCleaner: Cleaned accumulator 53
18/07/23 16:46:04 INFO ContextCleaner: Cleaned accumulator 57
18/07/23 16:46:04 INFO ContextCleaner: Cleaned accumulator 63
18/07/23 16:46:04 INFO ContextCleaner: Cleaned accumulator 60
18/07/23 16:46:04 INFO ContextCleaner: Cleaned accumulator 56
18/07/23 16:46:04 INFO ContextCleaner: Cleaned accumulator 59
18/07/23 16:46:04 INFO ContextCleaner: Cleaned accumulator 55
18/07/23 16:46:04 INFO ContextCleaner: Cleaned accumulator 61
18/07/23 16:46:04 INFO ContextCleaner: Cleaned accumulator 58
18/07/23 16:46:04 INFO TransportClientFactory: Successfully created connection to /127.0.0.1:62069 after 7 ms (0 ms spent in bootstraps)
18/07/23 16:46:06 INFO TaskSetManager: Finished task 0.0 in stage 5.0 (TID 5) in 5087 ms on localhost (executor driver) (1/1)
18/07/23 16:46:06 INFO DAGScheduler: ResultStage 5 (collect at utils.scala:211) finished in 5.089 s
18/07/23 16:46:06 INFO DAGScheduler: Job 3 finished: collect at utils.scala:211, took 5.109230 s
18/07/23 16:46:06 INFO TaskSchedulerImpl: Removed TaskSet 5.0, whose tasks have all completed, from pool 
18/07/23 16:46:06 INFO BlockManagerInfo: Removed taskresult_5 on 127.0.0.1:62069 in memory (size: 19.2 MB, free: 343.8 MB)
18/07/23 16:46:06 INFO CodeGenerator: Code generated in 54.881299 ms
18/07/23 16:46:08 INFO BlockManagerInfo: Removed broadcast_5_piece0 on 127.0.0.1:62069 in memory (size: 14.9 KB, free: 343.8 MB)
18/07/23 16:46:17 WARN SparkSession$Builder: Using an existing SparkSession; some configuration may not take effect.
18/07/23 16:46:17 INFO SparkSqlParser: Parsing command: SHOW TABLES
18/07/23 16:46:17 INFO HiveMetaStore: 0: get_database: default
18/07/23 16:46:17 INFO audit: ugi=tehno-gate	ip=unknown-ip-addr	cmd=get_database: default	
18/07/23 16:46:17 INFO HiveMetaStore: 0: get_database: default
18/07/23 16:46:17 INFO audit: ugi=tehno-gate	ip=unknown-ip-addr	cmd=get_database: default	
18/07/23 16:46:17 INFO HiveMetaStore: 0: get_tables: db=default pat=*
18/07/23 16:46:17 INFO audit: ugi=tehno-gate	ip=unknown-ip-addr	cmd=get_tables: db=default pat=*	
18/07/23 16:46:17 INFO CodeGenerator: Code generated in 13.927854 ms
18/07/23 16:46:17 INFO SparkContext: Starting job: collect at utils.scala:58
18/07/23 16:46:17 INFO DAGScheduler: Got job 4 (collect at utils.scala:58) with 2 output partitions
18/07/23 16:46:17 INFO DAGScheduler: Final stage: ResultStage 6 (collect at utils.scala:58)
18/07/23 16:46:17 INFO DAGScheduler: Parents of final stage: List()
18/07/23 16:46:17 INFO DAGScheduler: Missing parents: List()
18/07/23 16:46:17 INFO DAGScheduler: Submitting ResultStage 6 (MapPartitionsRDD[29] at map at utils.scala:55), which has no missing parents
18/07/23 16:46:17 INFO MemoryStore: Block broadcast_6 stored as values in memory (estimated size 6.4 KB, free 343.8 MB)
18/07/23 16:46:17 INFO MemoryStore: Block broadcast_6_piece0 stored as bytes in memory (estimated size 3.5 KB, free 343.8 MB)
18/07/23 16:46:17 INFO BlockManagerInfo: Added broadcast_6_piece0 in memory on 127.0.0.1:62069 (size: 3.5 KB, free: 343.8 MB)
18/07/23 16:46:17 INFO SparkContext: Created broadcast 6 from broadcast at DAGScheduler.scala:1006
18/07/23 16:46:17 INFO DAGScheduler: Submitting 2 missing tasks from ResultStage 6 (MapPartitionsRDD[29] at map at utils.scala:55) (first 15 tasks are for partitions Vector(0, 1))
18/07/23 16:46:17 INFO TaskSchedulerImpl: Adding task set 6.0 with 2 tasks
18/07/23 16:46:17 INFO TaskSetManager: Starting task 0.0 in stage 6.0 (TID 6, localhost, executor driver, partition 0, PROCESS_LOCAL, 5011 bytes)
18/07/23 16:46:17 INFO TaskSetManager: Starting task 1.0 in stage 6.0 (TID 7, localhost, executor driver, partition 1, PROCESS_LOCAL, 5027 bytes)
18/07/23 16:46:17 INFO Executor: Running task 0.0 in stage 6.0 (TID 6)
18/07/23 16:46:17 INFO Executor: Running task 1.0 in stage 6.0 (TID 7)
18/07/23 16:46:17 INFO Executor: Finished task 1.0 in stage 6.0 (TID 7). 954 bytes result sent to driver
18/07/23 16:46:17 INFO Executor: Finished task 0.0 in stage 6.0 (TID 6). 894 bytes result sent to driver
18/07/23 16:46:17 INFO TaskSetManager: Finished task 0.0 in stage 6.0 (TID 6) in 15 ms on localhost (executor driver) (1/2)
18/07/23 16:46:17 INFO TaskSetManager: Finished task 1.0 in stage 6.0 (TID 7) in 14 ms on localhost (executor driver) (2/2)
18/07/23 16:46:17 INFO TaskSchedulerImpl: Removed TaskSet 6.0, whose tasks have all completed, from pool 
18/07/23 16:46:17 INFO DAGScheduler: ResultStage 6 (collect at utils.scala:58) finished in 0.017 s
18/07/23 16:46:17 INFO DAGScheduler: Job 4 finished: collect at utils.scala:58, took 0.034652 s
18/07/23 16:46:38 INFO ContextCleaner: Cleaned accumulator 199
18/07/23 16:46:38 INFO BlockManagerInfo: Removed broadcast_6_piece0 on 127.0.0.1:62069 in memory (size: 3.5 KB, free: 343.8 MB)
18/07/23 16:46:38 WARN SparkSession$Builder: Using an existing SparkSession; some configuration may not take effect.
18/07/23 16:46:38 INFO SparkSqlParser: Parsing command: flights_final
18/07/23 16:46:38 WARN SparkSession$Builder: Using an existing SparkSession; some configuration may not take effect.
18/07/23 16:46:38 INFO SparkSqlParser: Parsing command: CACHE TABLE `flights_final`
18/07/23 16:46:38 INFO SparkSqlParser: Parsing command: `flights_final`
18/07/23 16:46:38 INFO SparkContext: Starting job: sql at NativeMethodAccessorImpl.java:0
18/07/23 16:46:38 INFO DAGScheduler: Registering RDD 37 (sql at NativeMethodAccessorImpl.java:0)
18/07/23 16:46:38 INFO DAGScheduler: Got job 5 (sql at NativeMethodAccessorImpl.java:0) with 1 output partitions
18/07/23 16:46:38 INFO DAGScheduler: Final stage: ResultStage 8 (sql at NativeMethodAccessorImpl.java:0)
18/07/23 16:46:38 INFO DAGScheduler: Parents of final stage: List(ShuffleMapStage 7)
18/07/23 16:46:38 INFO DAGScheduler: Missing parents: List(ShuffleMapStage 7)
18/07/23 16:46:38 INFO DAGScheduler: Submitting ShuffleMapStage 7 (MapPartitionsRDD[37] at sql at NativeMethodAccessorImpl.java:0), which has no missing parents
18/07/23 16:46:38 INFO MemoryStore: Block broadcast_7 stored as values in memory (estimated size 31.7 KB, free 343.8 MB)
18/07/23 16:46:38 INFO MemoryStore: Block broadcast_7_piece0 stored as bytes in memory (estimated size 12.0 KB, free 343.8 MB)
18/07/23 16:46:38 INFO BlockManagerInfo: Added broadcast_7_piece0 in memory on 127.0.0.1:62069 (size: 12.0 KB, free: 343.8 MB)
18/07/23 16:46:38 INFO SparkContext: Created broadcast 7 from broadcast at DAGScheduler.scala:1006
18/07/23 16:46:38 INFO DAGScheduler: Submitting 1 missing tasks from ShuffleMapStage 7 (MapPartitionsRDD[37] at sql at NativeMethodAccessorImpl.java:0) (first 15 tasks are for partitions Vector(0))
18/07/23 16:46:38 INFO TaskSchedulerImpl: Adding task set 7.0 with 1 tasks
18/07/23 16:46:39 INFO ContextCleaner: Cleaned accumulator 226
18/07/23 16:46:39 WARN TaskSetManager: Stage 7 contains a task of very large size (30196 KB). The maximum recommended task size is 100 KB.
18/07/23 16:46:39 INFO TaskSetManager: Starting task 0.0 in stage 7.0 (TID 8, localhost, executor driver, partition 0, PROCESS_LOCAL, 30921106 bytes)
18/07/23 16:46:39 INFO Executor: Running task 0.0 in stage 7.0 (TID 8)
18/07/23 16:46:40 INFO CodeGenerator: Code generated in 33.574158 ms
18/07/23 16:46:40 INFO CodeGenerator: Code generated in 238.794779 ms
18/07/23 16:46:47 INFO MemoryStore: Block rdd_34_0 stored as values in memory (estimated size 22.5 MB, free 321.2 MB)
18/07/23 16:46:47 INFO BlockManagerInfo: Added rdd_34_0 in memory on 127.0.0.1:62069 (size: 22.5 MB, free: 321.3 MB)
18/07/23 16:46:47 INFO Executor: Finished task 0.0 in stage 7.0 (TID 8). 2328 bytes result sent to driver
18/07/23 16:46:47 INFO TaskSetManager: Finished task 0.0 in stage 7.0 (TID 8) in 8590 ms on localhost (executor driver) (1/1)
18/07/23 16:46:47 INFO DAGScheduler: ShuffleMapStage 7 (sql at NativeMethodAccessorImpl.java:0) finished in 8.592 s
18/07/23 16:46:47 INFO DAGScheduler: looking for newly runnable stages
18/07/23 16:46:47 INFO DAGScheduler: running: Set()
18/07/23 16:46:47 INFO DAGScheduler: waiting: Set(ResultStage 8)
18/07/23 16:46:47 INFO DAGScheduler: failed: Set()
18/07/23 16:46:47 INFO DAGScheduler: Submitting ResultStage 8 (MapPartitionsRDD[40] at sql at NativeMethodAccessorImpl.java:0), which has no missing parents
18/07/23 16:46:47 INFO MemoryStore: Block broadcast_8 stored as values in memory (estimated size 7.0 KB, free 321.2 MB)
18/07/23 16:46:47 INFO MemoryStore: Block broadcast_8_piece0 stored as bytes in memory (estimated size 3.7 KB, free 321.2 MB)
18/07/23 16:46:47 INFO TaskSchedulerImpl: Removed TaskSet 7.0, whose tasks have all completed, from pool 
18/07/23 16:46:47 INFO BlockManagerInfo: Added broadcast_8_piece0 in memory on 127.0.0.1:62069 (size: 3.7 KB, free: 321.3 MB)
18/07/23 16:46:47 INFO SparkContext: Created broadcast 8 from broadcast at DAGScheduler.scala:1006
18/07/23 16:46:47 INFO DAGScheduler: Submitting 1 missing tasks from ResultStage 8 (MapPartitionsRDD[40] at sql at NativeMethodAccessorImpl.java:0) (first 15 tasks are for partitions Vector(0))
18/07/23 16:46:47 INFO TaskSchedulerImpl: Adding task set 8.0 with 1 tasks
18/07/23 16:46:47 INFO TaskSetManager: Starting task 0.0 in stage 8.0 (TID 9, localhost, executor driver, partition 0, ANY, 4726 bytes)
18/07/23 16:46:47 INFO Executor: Running task 0.0 in stage 8.0 (TID 9)
18/07/23 16:46:47 INFO ShuffleBlockFetcherIterator: Getting 1 non-empty blocks out of 1 blocks
18/07/23 16:46:47 INFO ShuffleBlockFetcherIterator: Started 0 remote fetches in 0 ms
18/07/23 16:46:47 INFO Executor: Finished task 0.0 in stage 8.0 (TID 9). 1538 bytes result sent to driver
18/07/23 16:46:47 INFO TaskSetManager: Finished task 0.0 in stage 8.0 (TID 9) in 13 ms on localhost (executor driver) (1/1)
18/07/23 16:46:47 INFO DAGScheduler: ResultStage 8 (sql at NativeMethodAccessorImpl.java:0) finished in 0.017 s
18/07/23 16:46:47 INFO DAGScheduler: Job 5 finished: sql at NativeMethodAccessorImpl.java:0, took 8.646709 s
18/07/23 16:46:47 INFO TaskSchedulerImpl: Removed TaskSet 8.0, whose tasks have all completed, from pool 
18/07/23 16:46:47 WARN SparkSession$Builder: Using an existing SparkSession; some configuration may not take effect.
18/07/23 16:46:47 INFO SparkSqlParser: Parsing command: SELECT count(*) FROM  `flights_final`
18/07/23 16:46:47 INFO HiveMetaStore: 0: get_database: default
18/07/23 16:46:47 INFO audit: ugi=tehno-gate	ip=unknown-ip-addr	cmd=get_database: default	
18/07/23 16:46:47 INFO BlockManagerInfo: Removed broadcast_8_piece0 on 127.0.0.1:62069 in memory (size: 3.7 KB, free: 321.3 MB)
18/07/23 16:46:47 INFO SparkContext: Starting job: collect at utils.scala:211
18/07/23 16:46:47 INFO DAGScheduler: Registering RDD 43 (collect at utils.scala:211)
18/07/23 16:46:47 INFO DAGScheduler: Got job 6 (collect at utils.scala:211) with 1 output partitions
18/07/23 16:46:47 INFO DAGScheduler: Final stage: ResultStage 10 (collect at utils.scala:211)
18/07/23 16:46:47 INFO DAGScheduler: Parents of final stage: List(ShuffleMapStage 9)
18/07/23 16:46:47 INFO DAGScheduler: Missing parents: List(ShuffleMapStage 9)
18/07/23 16:46:47 INFO DAGScheduler: Submitting ShuffleMapStage 9 (MapPartitionsRDD[43] at collect at utils.scala:211), which has no missing parents
18/07/23 16:46:47 INFO MemoryStore: Block broadcast_9 stored as values in memory (estimated size 31.7 KB, free 321.2 MB)
18/07/23 16:46:47 INFO MemoryStore: Block broadcast_9_piece0 stored as bytes in memory (estimated size 12.0 KB, free 321.2 MB)
18/07/23 16:46:47 INFO BlockManagerInfo: Added broadcast_9_piece0 in memory on 127.0.0.1:62069 (size: 12.0 KB, free: 321.3 MB)
18/07/23 16:46:47 INFO SparkContext: Created broadcast 9 from broadcast at DAGScheduler.scala:1006
18/07/23 16:46:47 INFO DAGScheduler: Submitting 1 missing tasks from ShuffleMapStage 9 (MapPartitionsRDD[43] at collect at utils.scala:211) (first 15 tasks are for partitions Vector(0))
18/07/23 16:46:47 INFO TaskSchedulerImpl: Adding task set 9.0 with 1 tasks
18/07/23 16:46:47 INFO ContextCleaner: Cleaned accumulator 287
18/07/23 16:46:47 WARN TaskSetManager: Stage 9 contains a task of very large size (30196 KB). The maximum recommended task size is 100 KB.
18/07/23 16:46:47 INFO TaskSetManager: Starting task 0.0 in stage 9.0 (TID 10, localhost, executor driver, partition 0, PROCESS_LOCAL, 30921106 bytes)
18/07/23 16:46:47 INFO Executor: Running task 0.0 in stage 9.0 (TID 10)
18/07/23 16:46:48 INFO BlockManager: Found block rdd_34_0 locally
18/07/23 16:46:48 INFO Executor: Finished task 0.0 in stage 9.0 (TID 10). 1733 bytes result sent to driver
18/07/23 16:46:48 INFO TaskSetManager: Finished task 0.0 in stage 9.0 (TID 10) in 723 ms on localhost (executor driver) (1/1)
18/07/23 16:46:48 INFO DAGScheduler: ShuffleMapStage 9 (collect at utils.scala:211) finished in 0.724 s
18/07/23 16:46:48 INFO DAGScheduler: looking for newly runnable stages
18/07/23 16:46:48 INFO DAGScheduler: running: Set()
18/07/23 16:46:48 INFO DAGScheduler: waiting: Set(ResultStage 10)
18/07/23 16:46:48 INFO DAGScheduler: failed: Set()
18/07/23 16:46:48 INFO DAGScheduler: Submitting ResultStage 10 (MapPartitionsRDD[46] at collect at utils.scala:211), which has no missing parents
18/07/23 16:46:48 INFO MemoryStore: Block broadcast_10 stored as values in memory (estimated size 7.0 KB, free 321.2 MB)
18/07/23 16:46:48 INFO TaskSchedulerImpl: Removed TaskSet 9.0, whose tasks have all completed, from pool 
18/07/23 16:46:48 INFO MemoryStore: Block broadcast_10_piece0 stored as bytes in memory (estimated size 3.7 KB, free 321.2 MB)
18/07/23 16:46:48 INFO BlockManagerInfo: Added broadcast_10_piece0 in memory on 127.0.0.1:62069 (size: 3.7 KB, free: 321.3 MB)
18/07/23 16:46:48 INFO SparkContext: Created broadcast 10 from broadcast at DAGScheduler.scala:1006
18/07/23 16:46:48 INFO DAGScheduler: Submitting 1 missing tasks from ResultStage 10 (MapPartitionsRDD[46] at collect at utils.scala:211) (first 15 tasks are for partitions Vector(0))
18/07/23 16:46:48 INFO TaskSchedulerImpl: Adding task set 10.0 with 1 tasks
18/07/23 16:46:48 INFO TaskSetManager: Starting task 0.0 in stage 10.0 (TID 11, localhost, executor driver, partition 0, ANY, 4726 bytes)
18/07/23 16:46:48 INFO Executor: Running task 0.0 in stage 10.0 (TID 11)
18/07/23 16:46:48 INFO BlockManagerInfo: Removed broadcast_9_piece0 on 127.0.0.1:62069 in memory (size: 12.0 KB, free: 321.3 MB)
18/07/23 16:46:48 INFO ShuffleBlockFetcherIterator: Getting 1 non-empty blocks out of 1 blocks
18/07/23 16:46:48 INFO ShuffleBlockFetcherIterator: Started 0 remote fetches in 0 ms
18/07/23 16:46:48 INFO Executor: Finished task 0.0 in stage 10.0 (TID 11). 1581 bytes result sent to driver
18/07/23 16:46:48 INFO TaskSetManager: Finished task 0.0 in stage 10.0 (TID 11) in 20 ms on localhost (executor driver) (1/1)
18/07/23 16:46:48 INFO TaskSchedulerImpl: Removed TaskSet 10.0, whose tasks have all completed, from pool 
18/07/23 16:46:48 INFO DAGScheduler: ResultStage 10 (collect at utils.scala:211) finished in 0.021 s
18/07/23 16:46:48 INFO DAGScheduler: Job 6 finished: collect at utils.scala:211, took 0.778423 s
18/07/23 16:46:48 WARN SparkSession$Builder: Using an existing SparkSession; some configuration may not take effect.
18/07/23 16:46:48 INFO SparkSqlParser: Parsing command: SELECT *
FROM `flights_final` AS `zzz3`
WHERE (0 = 1)
18/07/23 16:46:48 WARN SparkSession$Builder: Using an existing SparkSession; some configuration may not take effect.
18/07/23 16:46:48 INFO SparkSqlParser: Parsing command: SHOW TABLES
18/07/23 16:46:48 INFO HiveMetaStore: 0: get_database: default
18/07/23 16:46:48 INFO audit: ugi=tehno-gate	ip=unknown-ip-addr	cmd=get_database: default	
18/07/23 16:46:48 INFO HiveMetaStore: 0: get_database: default
18/07/23 16:46:48 INFO audit: ugi=tehno-gate	ip=unknown-ip-addr	cmd=get_database: default	
18/07/23 16:46:48 INFO HiveMetaStore: 0: get_tables: db=default pat=*
18/07/23 16:46:48 INFO audit: ugi=tehno-gate	ip=unknown-ip-addr	cmd=get_tables: db=default pat=*	
18/07/23 16:46:48 INFO CodeGenerator: Code generated in 17.786842 ms
18/07/23 16:46:48 WARN SparkSession$Builder: Using an existing SparkSession; some configuration may not take effect.
18/07/23 16:46:48 INFO SparkSqlParser: Parsing command: SHOW TABLES
18/07/23 16:46:48 INFO HiveMetaStore: 0: get_database: default
18/07/23 16:46:48 INFO audit: ugi=tehno-gate	ip=unknown-ip-addr	cmd=get_database: default	
18/07/23 16:46:48 INFO HiveMetaStore: 0: get_database: default
18/07/23 16:46:48 INFO audit: ugi=tehno-gate	ip=unknown-ip-addr	cmd=get_database: default	
18/07/23 16:46:48 INFO HiveMetaStore: 0: get_tables: db=default pat=*
18/07/23 16:46:48 INFO audit: ugi=tehno-gate	ip=unknown-ip-addr	cmd=get_tables: db=default pat=*	
18/07/23 16:47:15 WARN SparkSession$Builder: Using an existing SparkSession; some configuration may not take effect.
18/07/23 16:47:15 INFO SparkSqlParser: Parsing command: SELECT `delay_degree`
FROM `flights_final`
18/07/23 16:47:15 WARN SparkSession$Builder: Using an existing SparkSession; some configuration may not take effect.
18/07/23 16:47:15 INFO SparkSqlParser: Parsing command: SELECT `delay_degree`
FROM `flights_final`
LIMIT 10
18/07/23 16:47:15 INFO SparkContext: Starting job: collect at utils.scala:211
18/07/23 16:47:15 INFO DAGScheduler: Got job 7 (collect at utils.scala:211) with 1 output partitions
18/07/23 16:47:15 INFO DAGScheduler: Final stage: ResultStage 11 (collect at utils.scala:211)
18/07/23 16:47:15 INFO DAGScheduler: Parents of final stage: List()
18/07/23 16:47:15 INFO DAGScheduler: Missing parents: List()
18/07/23 16:47:15 INFO DAGScheduler: Submitting ResultStage 11 (MapPartitionsRDD[48] at collect at utils.scala:211), which has no missing parents
18/07/23 16:47:15 INFO MemoryStore: Block broadcast_11 stored as values in memory (estimated size 27.4 KB, free 321.2 MB)
18/07/23 16:47:15 INFO MemoryStore: Block broadcast_11_piece0 stored as bytes in memory (estimated size 10.0 KB, free 321.2 MB)
18/07/23 16:47:15 INFO BlockManagerInfo: Added broadcast_11_piece0 in memory on 127.0.0.1:62069 (size: 10.0 KB, free: 321.3 MB)
18/07/23 16:47:15 INFO SparkContext: Created broadcast 11 from broadcast at DAGScheduler.scala:1006
18/07/23 16:47:15 INFO DAGScheduler: Submitting 1 missing tasks from ResultStage 11 (MapPartitionsRDD[48] at collect at utils.scala:211) (first 15 tasks are for partitions Vector(0))
18/07/23 16:47:15 INFO TaskSchedulerImpl: Adding task set 11.0 with 1 tasks
18/07/23 16:47:15 WARN TaskSetManager: Stage 11 contains a task of very large size (30196 KB). The maximum recommended task size is 100 KB.
18/07/23 16:47:15 INFO TaskSetManager: Starting task 0.0 in stage 11.0 (TID 12, localhost, executor driver, partition 0, PROCESS_LOCAL, 30921117 bytes)
18/07/23 16:47:15 INFO Executor: Running task 0.0 in stage 11.0 (TID 12)
18/07/23 16:47:15 INFO BlockManagerInfo: Removed broadcast_10_piece0 on 127.0.0.1:62069 in memory (size: 3.7 KB, free: 321.3 MB)
18/07/23 16:47:16 INFO BlockManager: Found block rdd_34_0 locally
18/07/23 16:47:16 INFO CodeGenerator: Code generated in 16.832962 ms
18/07/23 16:47:16 INFO Executor: 1 block locks were not released by TID = 12:
[rdd_34_0]
18/07/23 16:47:16 INFO Executor: Finished task 0.0 in stage 11.0 (TID 12). 1324 bytes result sent to driver
18/07/23 16:47:16 INFO TaskSetManager: Finished task 0.0 in stage 11.0 (TID 12) in 777 ms on localhost (executor driver) (1/1)
18/07/23 16:47:16 INFO TaskSchedulerImpl: Removed TaskSet 11.0, whose tasks have all completed, from pool 
18/07/23 16:47:16 INFO DAGScheduler: ResultStage 11 (collect at utils.scala:211) finished in 0.779 s
18/07/23 16:47:16 INFO DAGScheduler: Job 7 finished: collect at utils.scala:211, took 0.795026 s
18/07/23 16:47:16 INFO CodeGenerator: Code generated in 9.066086 ms
18/07/23 17:14:41 INFO ContextCleaner: Cleaned accumulator 236
18/07/23 17:14:47 INFO BlockManagerInfo: Removed broadcast_11_piece0 on 127.0.0.1:62069 in memory (size: 10.0 KB, free: 321.3 MB)
18/07/23 17:14:47 INFO ContextCleaner: Cleaned accumulator 232
18/07/23 17:14:47 INFO ContextCleaner: Cleaned accumulator 235
18/07/23 17:14:47 INFO ContextCleaner: Cleaned accumulator 237
18/07/23 17:14:47 INFO ContextCleaner: Cleaned accumulator 227
18/07/23 17:14:47 INFO BlockManagerInfo: Removed broadcast_7_piece0 on 127.0.0.1:62069 in memory (size: 12.0 KB, free: 321.3 MB)
18/07/23 17:14:47 INFO ContextCleaner: Cleaned shuffle 2
18/07/23 17:14:47 INFO ContextCleaner: Cleaned accumulator 229
18/07/23 17:14:47 INFO ContextCleaner: Cleaned accumulator 234
18/07/23 17:14:47 INFO ContextCleaner: Cleaned accumulator 231
18/07/23 17:14:47 INFO ContextCleaner: Cleaned accumulator 233
18/07/23 17:14:47 INFO ContextCleaner: Cleaned accumulator 228
18/07/23 17:14:47 INFO ContextCleaner: Cleaned accumulator 230
18/07/23 17:14:47 INFO ContextCleaner: Cleaned accumulator 238
18/07/23 19:30:47 INFO SparkContext: Invoking stop() from shutdown hook
18/07/23 19:30:47 INFO SparkUI: Stopped Spark web UI at http://127.0.0.1:4040
18/07/23 19:30:47 INFO MapOutputTrackerMasterEndpoint: MapOutputTrackerMasterEndpoint stopped!
18/07/23 19:30:47 INFO MemoryStore: MemoryStore cleared
18/07/23 19:30:47 INFO BlockManager: BlockManager stopped
18/07/23 19:30:47 INFO BlockManagerMaster: BlockManagerMaster stopped
18/07/23 19:30:47 INFO OutputCommitCoordinator$OutputCommitCoordinatorEndpoint: OutputCommitCoordinator stopped!
18/07/23 19:30:47 WARN SparkEnv: Exception while deleting Spark temp dir: C:\Users\tehno-gate\AppData\Local\Temp\spark-130400f1-cfa3-45ba-8dc4-6167d5d9e6a1\userFiles-60945eb5-672f-41e4-a568-21ec7722b4b2
java.io.IOException: Failed to delete: C:\Users\tehno-gate\AppData\Local\Temp\spark-130400f1-cfa3-45ba-8dc4-6167d5d9e6a1\userFiles-60945eb5-672f-41e4-a568-21ec7722b4b2
	at org.apache.spark.util.Utils$.deleteRecursively(Utils.scala:1031)
	at org.apache.spark.SparkEnv.stop(SparkEnv.scala:103)
	at org.apache.spark.SparkContext$$anonfun$stop$11.apply$mcV$sp(SparkContext.scala:1937)
	at org.apache.spark.util.Utils$.tryLogNonFatalError(Utils.scala:1317)
	at org.apache.spark.SparkContext.stop(SparkContext.scala:1936)
	at org.apache.spark.SparkContext$$anonfun$2.apply$mcV$sp(SparkContext.scala:581)
	at org.apache.spark.util.SparkShutdownHook.run(ShutdownHookManager.scala:216)
	at org.apache.spark.util.SparkShutdownHookManager$$anonfun$runAll$1$$anonfun$apply$mcV$sp$1.apply$mcV$sp(ShutdownHookManager.scala:188)
	at org.apache.spark.util.SparkShutdownHookManager$$anonfun$runAll$1$$anonfun$apply$mcV$sp$1.apply(ShutdownHookManager.scala:188)
	at org.apache.spark.util.SparkShutdownHookManager$$anonfun$runAll$1$$anonfun$apply$mcV$sp$1.apply(ShutdownHookManager.scala:188)
	at org.apache.spark.util.Utils$.logUncaughtExceptions(Utils.scala:1954)
	at org.apache.spark.util.SparkShutdownHookManager$$anonfun$runAll$1.apply$mcV$sp(ShutdownHookManager.scala:188)
	at org.apache.spark.util.SparkShutdownHookManager$$anonfun$runAll$1.apply(ShutdownHookManager.scala:188)
	at org.apache.spark.util.SparkShutdownHookManager$$anonfun$runAll$1.apply(ShutdownHookManager.scala:188)
	at scala.util.Try$.apply(Try.scala:192)
	at org.apache.spark.util.SparkShutdownHookManager.runAll(ShutdownHookManager.scala:188)
	at org.apache.spark.util.SparkShutdownHookManager$$anon$2.run(ShutdownHookManager.scala:178)
	at org.apache.hadoop.util.ShutdownHookManager$1.run(ShutdownHookManager.java:54)
18/07/23 19:30:47 INFO SparkContext: Successfully stopped SparkContext
18/07/23 19:30:47 INFO ShutdownHookManager: Shutdown hook called
18/07/23 19:30:47 INFO ShutdownHookManager: Deleting directory C:\Users\tehno-gate\AppData\Local\Temp\spark-130400f1-cfa3-45ba-8dc4-6167d5d9e6a1
18/07/23 19:30:47 ERROR ShutdownHookManager: Exception while deleting Spark temp dir: C:\Users\tehno-gate\AppData\Local\Temp\spark-130400f1-cfa3-45ba-8dc4-6167d5d9e6a1
java.io.IOException: Failed to delete: C:\Users\tehno-gate\AppData\Local\Temp\spark-130400f1-cfa3-45ba-8dc4-6167d5d9e6a1
	at org.apache.spark.util.Utils$.deleteRecursively(Utils.scala:1031)
	at org.apache.spark.util.ShutdownHookManager$$anonfun$1$$anonfun$apply$mcV$sp$3.apply(ShutdownHookManager.scala:65)
	at org.apache.spark.util.ShutdownHookManager$$anonfun$1$$anonfun$apply$mcV$sp$3.apply(ShutdownHookManager.scala:62)
	at scala.collection.IndexedSeqOptimized$class.foreach(IndexedSeqOptimized.scala:33)
	at scala.collection.mutable.ArrayOps$ofRef.foreach(ArrayOps.scala:186)
	at org.apache.spark.util.ShutdownHookManager$$anonfun$1.apply$mcV$sp(ShutdownHookManager.scala:62)
	at org.apache.spark.util.SparkShutdownHook.run(ShutdownHookManager.scala:216)
	at org.apache.spark.util.SparkShutdownHookManager$$anonfun$runAll$1$$anonfun$apply$mcV$sp$1.apply$mcV$sp(ShutdownHookManager.scala:188)
	at org.apache.spark.util.SparkShutdownHookManager$$anonfun$runAll$1$$anonfun$apply$mcV$sp$1.apply(ShutdownHookManager.scala:188)
	at org.apache.spark.util.SparkShutdownHookManager$$anonfun$runAll$1$$anonfun$apply$mcV$sp$1.apply(ShutdownHookManager.scala:188)
	at org.apache.spark.util.Utils$.logUncaughtExceptions(Utils.scala:1954)
	at org.apache.spark.util.SparkShutdownHookManager$$anonfun$runAll$1.apply$mcV$sp(ShutdownHookManager.scala:188)
	at org.apache.spark.util.SparkShutdownHookManager$$anonfun$runAll$1.apply(ShutdownHookManager.scala:188)
	at org.apache.spark.util.SparkShutdownHookManager$$anonfun$runAll$1.apply(ShutdownHookManager.scala:188)
	at scala.util.Try$.apply(Try.scala:192)
	at org.apache.spark.util.SparkShutdownHookManager.runAll(ShutdownHookManager.scala:188)
	at org.apache.spark.util.SparkShutdownHookManager$$anon$2.run(ShutdownHookManager.scala:178)
	at org.apache.hadoop.util.ShutdownHookManager$1.run(ShutdownHookManager.java:54)
18/07/23 19:30:47 INFO ShutdownHookManager: Deleting directory C:\Users\tehno-gate\AppData\Local\Temp\spark-130400f1-cfa3-45ba-8dc4-6167d5d9e6a1\userFiles-60945eb5-672f-41e4-a568-21ec7722b4b2
18/07/23 19:30:47 ERROR ShutdownHookManager: Exception while deleting Spark temp dir: C:\Users\tehno-gate\AppData\Local\Temp\spark-130400f1-cfa3-45ba-8dc4-6167d5d9e6a1\userFiles-60945eb5-672f-41e4-a568-21ec7722b4b2
java.io.IOException: Failed to delete: C:\Users\tehno-gate\AppData\Local\Temp\spark-130400f1-cfa3-45ba-8dc4-6167d5d9e6a1\userFiles-60945eb5-672f-41e4-a568-21ec7722b4b2
	at org.apache.spark.util.Utils$.deleteRecursively(Utils.scala:1031)
	at org.apache.spark.util.ShutdownHookManager$$anonfun$1$$anonfun$apply$mcV$sp$3.apply(ShutdownHookManager.scala:65)
	at org.apache.spark.util.ShutdownHookManager$$anonfun$1$$anonfun$apply$mcV$sp$3.apply(ShutdownHookManager.scala:62)
	at scala.collection.IndexedSeqOptimized$class.foreach(IndexedSeqOptimized.scala:33)
	at scala.collection.mutable.ArrayOps$ofRef.foreach(ArrayOps.scala:186)
	at org.apache.spark.util.ShutdownHookManager$$anonfun$1.apply$mcV$sp(ShutdownHookManager.scala:62)
	at org.apache.spark.util.SparkShutdownHook.run(ShutdownHookManager.scala:216)
	at org.apache.spark.util.SparkShutdownHookManager$$anonfun$runAll$1$$anonfun$apply$mcV$sp$1.apply$mcV$sp(ShutdownHookManager.scala:188)
	at org.apache.spark.util.SparkShutdownHookManager$$anonfun$runAll$1$$anonfun$apply$mcV$sp$1.apply(ShutdownHookManager.scala:188)
	at org.apache.spark.util.SparkShutdownHookManager$$anonfun$runAll$1$$anonfun$apply$mcV$sp$1.apply(ShutdownHookManager.scala:188)
	at org.apache.spark.util.Utils$.logUncaughtExceptions(Utils.scala:1954)
	at org.apache.spark.util.SparkShutdownHookManager$$anonfun$runAll$1.apply$mcV$sp(ShutdownHookManager.scala:188)
	at org.apache.spark.util.SparkShutdownHookManager$$anonfun$runAll$1.apply(ShutdownHookManager.scala:188)
	at org.apache.spark.util.SparkShutdownHookManager$$anonfun$runAll$1.apply(ShutdownHookManager.scala:188)
	at scala.util.Try$.apply(Try.scala:192)
	at org.apache.spark.util.SparkShutdownHookManager.runAll(ShutdownHookManager.scala:188)
	at org.apache.spark.util.SparkShutdownHookManager$$anon$2.run(ShutdownHookManager.scala:178)
	at org.apache.hadoop.util.ShutdownHookManager$1.run(ShutdownHookManager.java:54)
18/07/23 23:30:23 INFO SparkContext: Running Spark version 2.2.0
18/07/23 23:30:24 INFO SparkContext: Submitted application: sparklyr
18/07/23 23:30:24 INFO SecurityManager: Changing view acls to: tehno-gate
18/07/23 23:30:24 INFO SecurityManager: Changing modify acls to: tehno-gate
18/07/23 23:30:24 INFO SecurityManager: Changing view acls groups to: 
18/07/23 23:30:24 INFO SecurityManager: Changing modify acls groups to: 
18/07/23 23:30:24 INFO SecurityManager: SecurityManager: authentication disabled; ui acls disabled; users  with view permissions: Set(tehno-gate); groups with view permissions: Set(); users  with modify permissions: Set(tehno-gate); groups with modify permissions: Set()
18/07/23 23:30:24 INFO Utils: Successfully started service 'sparkDriver' on port 51888.
18/07/23 23:30:24 INFO SparkEnv: Registering MapOutputTracker
18/07/23 23:30:24 INFO SparkEnv: Registering BlockManagerMaster
18/07/23 23:30:24 INFO BlockManagerMasterEndpoint: Using org.apache.spark.storage.DefaultTopologyMapper for getting topology information
18/07/23 23:30:24 INFO BlockManagerMasterEndpoint: BlockManagerMasterEndpoint up
18/07/23 23:30:25 INFO DiskBlockManager: Created local directory at C:\Users\tehno-gate\AppData\Local\Temp\blockmgr-bb4066ba-cd54-48c6-9387-27c3f10f4335
18/07/23 23:30:25 INFO MemoryStore: MemoryStore started with capacity 366.3 MB
18/07/23 23:30:25 INFO SparkEnv: Registering OutputCommitCoordinator
18/07/23 23:30:25 INFO Utils: Successfully started service 'SparkUI' on port 4040.
18/07/23 23:30:26 INFO SparkUI: Bound SparkUI to 127.0.0.1, and started at http://127.0.0.1:4040
18/07/23 23:30:26 INFO SparkContext: Added JAR file:/C:/Users/tehno-gate/Documents/R/win-library/3.4/sparklyr/java/sparklyr-2.2-2.11.jar at spark://127.0.0.1:51888/jars/sparklyr-2.2-2.11.jar with timestamp 1532377826114
18/07/23 23:30:26 INFO Executor: Starting executor ID driver on host localhost
18/07/23 23:30:26 INFO Utils: Successfully started service 'org.apache.spark.network.netty.NettyBlockTransferService' on port 51909.
18/07/23 23:30:26 INFO NettyBlockTransferService: Server created on 127.0.0.1:51909
18/07/23 23:30:26 INFO BlockManager: Using org.apache.spark.storage.RandomBlockReplicationPolicy for block replication policy
18/07/23 23:30:26 INFO BlockManagerMaster: Registering BlockManager BlockManagerId(driver, 127.0.0.1, 51909, None)
18/07/23 23:30:26 INFO BlockManagerMasterEndpoint: Registering block manager 127.0.0.1:51909 with 366.3 MB RAM, BlockManagerId(driver, 127.0.0.1, 51909, None)
18/07/23 23:30:26 INFO BlockManagerMaster: Registered BlockManager BlockManagerId(driver, 127.0.0.1, 51909, None)
18/07/23 23:30:26 INFO BlockManager: Initialized BlockManager: BlockManagerId(driver, 127.0.0.1, 51909, None)
18/07/23 23:30:27 WARN SparkContext: Using an existing SparkContext; some configuration may not take effect.
18/07/23 23:30:27 INFO SharedState: loading hive config file: file:/C:/Users/tehno-gate/AppData/Local/spark/spark-2.2.0-bin-hadoop2.7/conf/hive-site.xml
18/07/23 23:30:27 INFO SharedState: Setting hive.metastore.warehouse.dir ('C:\Users\tehno-gate\AppData\Local\spark\spark-2.2.0-bin-hadoop2.7\tmp\hive') to the value of spark.sql.warehouse.dir ('C:Users	ehno-gateAppDataLocalsparkspark-2.2.0-bin-hadoop2.7	mphive').
18/07/23 23:30:27 INFO SharedState: Warehouse path is 'C:Users	ehno-gateAppDataLocalsparkspark-2.2.0-bin-hadoop2.7	mphive'.
18/07/23 23:30:29 INFO HiveUtils: Initializing HiveMetastoreConnection version 1.2.1 using Spark classes.
18/07/23 23:30:31 INFO HiveMetaStore: 0: Opening raw store with implemenation class:org.apache.hadoop.hive.metastore.ObjectStore
18/07/23 23:30:31 INFO ObjectStore: ObjectStore, initialize called
18/07/23 23:30:31 INFO Persistence: Property hive.metastore.integral.jdo.pushdown unknown - will be ignored
18/07/23 23:30:31 INFO Persistence: Property datanucleus.cache.level2 unknown - will be ignored
18/07/23 23:30:35 INFO ObjectStore: Setting MetaStore object pin classes with hive.metastore.cache.pinobjtypes="Table,StorageDescriptor,SerDeInfo,Partition,Database,Type,FieldSchema,Order"
18/07/23 23:30:37 INFO Datastore: The class "org.apache.hadoop.hive.metastore.model.MFieldSchema" is tagged as "embedded-only" so does not have its own datastore table.
18/07/23 23:30:37 INFO Datastore: The class "org.apache.hadoop.hive.metastore.model.MOrder" is tagged as "embedded-only" so does not have its own datastore table.
18/07/23 23:30:38 INFO Datastore: The class "org.apache.hadoop.hive.metastore.model.MFieldSchema" is tagged as "embedded-only" so does not have its own datastore table.
18/07/23 23:30:38 INFO Datastore: The class "org.apache.hadoop.hive.metastore.model.MOrder" is tagged as "embedded-only" so does not have its own datastore table.
18/07/23 23:30:39 INFO MetaStoreDirectSql: Using direct SQL, underlying DB is DERBY
18/07/23 23:30:39 INFO ObjectStore: Initialized ObjectStore
18/07/23 23:30:39 WARN ObjectStore: Version information not found in metastore. hive.metastore.schema.verification is not enabled so recording the schema version 1.2.0
18/07/23 23:30:39 WARN ObjectStore: Failed to get database default, returning NoSuchObjectException
18/07/23 23:30:40 INFO HiveMetaStore: Added admin role in metastore
18/07/23 23:30:40 INFO HiveMetaStore: Added public role in metastore
18/07/23 23:30:40 INFO HiveMetaStore: No user is added in admin role, since config is empty
18/07/23 23:30:40 INFO HiveMetaStore: 0: get_all_databases
18/07/23 23:30:40 INFO audit: ugi=tehno-gate	ip=unknown-ip-addr	cmd=get_all_databases	
18/07/23 23:30:40 INFO HiveMetaStore: 0: get_functions: db=default pat=*
18/07/23 23:30:40 INFO audit: ugi=tehno-gate	ip=unknown-ip-addr	cmd=get_functions: db=default pat=*	
18/07/23 23:30:40 INFO Datastore: The class "org.apache.hadoop.hive.metastore.model.MResourceUri" is tagged as "embedded-only" so does not have its own datastore table.
18/07/23 23:30:41 INFO SessionState: Created local directory: C:/Users/TEHNO-~1/AppData/Local/Temp/3b06ff1e-3e2b-4b98-9e16-6a63327c7e54_resources
18/07/23 23:30:41 INFO SessionState: Created HDFS directory: C:/Users/tehno-gate/AppData/Local/spark/spark-2.2.0-bin-hadoop2.7/tmp/hive/tehno-gate/3b06ff1e-3e2b-4b98-9e16-6a63327c7e54
18/07/23 23:30:41 INFO SessionState: Created local directory: C:/Users/tehno-gate/AppData/Local/spark/spark-2.2.0-bin-hadoop2.7/tmp/hive/3b06ff1e-3e2b-4b98-9e16-6a63327c7e54
18/07/23 23:30:41 INFO SessionState: Created HDFS directory: C:/Users/tehno-gate/AppData/Local/spark/spark-2.2.0-bin-hadoop2.7/tmp/hive/tehno-gate/3b06ff1e-3e2b-4b98-9e16-6a63327c7e54/_tmp_space.db
18/07/23 23:30:41 INFO HiveClientImpl: Warehouse location for Hive client (version 1.2.1) is C:Users	ehno-gateAppDataLocalsparkspark-2.2.0-bin-hadoop2.7	mphive
18/07/23 23:30:41 INFO HiveMetaStore: 0: get_database: default
18/07/23 23:30:41 INFO audit: ugi=tehno-gate	ip=unknown-ip-addr	cmd=get_database: default	
18/07/23 23:30:41 INFO HiveMetaStore: 0: get_database: global_temp
18/07/23 23:30:41 INFO audit: ugi=tehno-gate	ip=unknown-ip-addr	cmd=get_database: global_temp	
18/07/23 23:30:41 WARN ObjectStore: Failed to get database global_temp, returning NoSuchObjectException
18/07/23 23:30:42 INFO SessionState: Created local directory: C:/Users/TEHNO-~1/AppData/Local/Temp/42fe3e0e-a748-4d00-a54e-e0ddf85b232e_resources
18/07/23 23:30:42 INFO SessionState: Created HDFS directory: C:/Users/tehno-gate/AppData/Local/spark/spark-2.2.0-bin-hadoop2.7/tmp/hive/tehno-gate/42fe3e0e-a748-4d00-a54e-e0ddf85b232e
18/07/23 23:30:42 INFO SessionState: Created local directory: C:/Users/tehno-gate/AppData/Local/spark/spark-2.2.0-bin-hadoop2.7/tmp/hive/42fe3e0e-a748-4d00-a54e-e0ddf85b232e
18/07/23 23:30:42 INFO SessionState: Created HDFS directory: C:/Users/tehno-gate/AppData/Local/spark/spark-2.2.0-bin-hadoop2.7/tmp/hive/tehno-gate/42fe3e0e-a748-4d00-a54e-e0ddf85b232e/_tmp_space.db
18/07/23 23:30:42 INFO HiveClientImpl: Warehouse location for Hive client (version 1.2.1) is C:Users	ehno-gateAppDataLocalsparkspark-2.2.0-bin-hadoop2.7	mphive
18/07/23 23:30:42 INFO StateStoreCoordinatorRef: Registered StateStoreCoordinator endpoint
18/07/23 23:30:42 INFO SparkSqlParser: Parsing command: SHOW TABLES
18/07/23 23:30:46 INFO HiveMetaStore: 0: get_database: default
18/07/23 23:30:46 INFO audit: ugi=tehno-gate	ip=unknown-ip-addr	cmd=get_database: default	
18/07/23 23:30:46 INFO HiveMetaStore: 0: get_database: default
18/07/23 23:30:46 INFO audit: ugi=tehno-gate	ip=unknown-ip-addr	cmd=get_database: default	
18/07/23 23:30:46 INFO HiveMetaStore: 0: get_tables: db=default pat=*
18/07/23 23:30:46 INFO audit: ugi=tehno-gate	ip=unknown-ip-addr	cmd=get_tables: db=default pat=*	
18/07/23 23:30:46 WARN SparkSession$Builder: Using an existing SparkSession; some configuration may not take effect.
18/07/23 23:30:46 INFO SparkSqlParser: Parsing command: SHOW TABLES
18/07/23 23:30:46 INFO HiveMetaStore: 0: get_database: default
18/07/23 23:30:46 INFO audit: ugi=tehno-gate	ip=unknown-ip-addr	cmd=get_database: default	
18/07/23 23:30:46 INFO HiveMetaStore: 0: get_database: default
18/07/23 23:30:46 INFO audit: ugi=tehno-gate	ip=unknown-ip-addr	cmd=get_database: default	
18/07/23 23:30:46 INFO HiveMetaStore: 0: get_tables: db=default pat=*
18/07/23 23:30:46 INFO audit: ugi=tehno-gate	ip=unknown-ip-addr	cmd=get_tables: db=default pat=*	
18/07/23 23:30:47 INFO SparkContext: Starting job: collect at utils.scala:58
18/07/23 23:30:47 INFO DAGScheduler: Got job 0 (collect at utils.scala:58) with 1 output partitions
18/07/23 23:30:47 INFO DAGScheduler: Final stage: ResultStage 0 (collect at utils.scala:58)
18/07/23 23:30:47 INFO DAGScheduler: Parents of final stage: List()
18/07/23 23:30:47 INFO DAGScheduler: Missing parents: List()
18/07/23 23:30:47 INFO DAGScheduler: Submitting ResultStage 0 (MapPartitionsRDD[4] at map at utils.scala:55), which has no missing parents
18/07/23 23:30:48 INFO MemoryStore: Block broadcast_0 stored as values in memory (estimated size 6.0 KB, free 366.3 MB)
18/07/23 23:30:48 INFO MemoryStore: Block broadcast_0_piece0 stored as bytes in memory (estimated size 3.4 KB, free 366.3 MB)
18/07/23 23:30:48 INFO BlockManagerInfo: Added broadcast_0_piece0 in memory on 127.0.0.1:51909 (size: 3.4 KB, free: 366.3 MB)
18/07/23 23:30:48 INFO SparkContext: Created broadcast 0 from broadcast at DAGScheduler.scala:1006
18/07/23 23:30:48 INFO DAGScheduler: Submitting 1 missing tasks from ResultStage 0 (MapPartitionsRDD[4] at map at utils.scala:55) (first 15 tasks are for partitions Vector(0))
18/07/23 23:30:48 INFO TaskSchedulerImpl: Adding task set 0.0 with 1 tasks
18/07/23 23:30:48 INFO TaskSetManager: Starting task 0.0 in stage 0.0 (TID 0, localhost, executor driver, partition 0, PROCESS_LOCAL, 4852 bytes)
18/07/23 23:30:48 INFO Executor: Running task 0.0 in stage 0.0 (TID 0)
18/07/23 23:30:48 INFO Executor: Fetching spark://127.0.0.1:51888/jars/sparklyr-2.2-2.11.jar with timestamp 1532377826114
18/07/23 23:30:48 INFO TransportClientFactory: Successfully created connection to /127.0.0.1:51888 after 39 ms (0 ms spent in bootstraps)
18/07/23 23:30:48 INFO Utils: Fetching spark://127.0.0.1:51888/jars/sparklyr-2.2-2.11.jar to C:\Users\tehno-gate\AppData\Local\Temp\spark-ec0d2086-2436-482e-9c5f-50818da0c4d8\userFiles-0c8a46f0-4415-43dc-9e6f-3251be66e49f\fetchFileTemp1291959586543433358.tmp
18/07/23 23:30:48 INFO Executor: Adding file:/C:/Users/tehno-gate/AppData/Local/Temp/spark-ec0d2086-2436-482e-9c5f-50818da0c4d8/userFiles-0c8a46f0-4415-43dc-9e6f-3251be66e49f/sparklyr-2.2-2.11.jar to class loader
18/07/23 23:30:49 INFO CodeGenerator: Code generated in 537.398666 ms
18/07/23 23:30:49 INFO Executor: Finished task 0.0 in stage 0.0 (TID 0). 1013 bytes result sent to driver
18/07/23 23:30:49 INFO TaskSetManager: Finished task 0.0 in stage 0.0 (TID 0) in 1619 ms on localhost (executor driver) (1/1)
18/07/23 23:30:49 INFO TaskSchedulerImpl: Removed TaskSet 0.0, whose tasks have all completed, from pool 
18/07/23 23:30:49 INFO DAGScheduler: ResultStage 0 (collect at utils.scala:58) finished in 1.662 s
18/07/23 23:30:49 INFO DAGScheduler: Job 0 finished: collect at utils.scala:58, took 2.170057 s
18/07/23 23:31:13 WARN SparkSession$Builder: Using an existing SparkSession; some configuration may not take effect.
18/07/23 23:31:13 INFO BlockManagerInfo: Removed broadcast_0_piece0 on 127.0.0.1:51909 in memory (size: 3.4 KB, free: 366.3 MB)
18/07/23 23:31:13 INFO ContextCleaner: Cleaned accumulator 0
18/07/23 23:31:14 INFO SparkSqlParser: Parsing command: flights
18/07/23 23:31:14 WARN SparkSession$Builder: Using an existing SparkSession; some configuration may not take effect.
18/07/23 23:31:14 INFO SparkSqlParser: Parsing command: CACHE TABLE `flights`
18/07/23 23:31:14 INFO SparkSqlParser: Parsing command: `flights`
18/07/23 23:31:14 INFO CodeGenerator: Code generated in 37.139669 ms
18/07/23 23:31:14 INFO CodeGenerator: Code generated in 27.581569 ms
18/07/23 23:31:14 INFO SparkContext: Starting job: sql at NativeMethodAccessorImpl.java:0
18/07/23 23:31:14 INFO DAGScheduler: Registering RDD 12 (sql at NativeMethodAccessorImpl.java:0)
18/07/23 23:31:14 INFO DAGScheduler: Got job 1 (sql at NativeMethodAccessorImpl.java:0) with 1 output partitions
18/07/23 23:31:14 INFO DAGScheduler: Final stage: ResultStage 2 (sql at NativeMethodAccessorImpl.java:0)
18/07/23 23:31:14 INFO DAGScheduler: Parents of final stage: List(ShuffleMapStage 1)
18/07/23 23:31:14 INFO DAGScheduler: Missing parents: List(ShuffleMapStage 1)
18/07/23 23:31:14 INFO DAGScheduler: Submitting ShuffleMapStage 1 (MapPartitionsRDD[12] at sql at NativeMethodAccessorImpl.java:0), which has no missing parents
18/07/23 23:31:14 INFO MemoryStore: Block broadcast_1 stored as values in memory (estimated size 30.7 KB, free 366.3 MB)
18/07/23 23:31:14 INFO MemoryStore: Block broadcast_1_piece0 stored as bytes in memory (estimated size 11.8 KB, free 366.3 MB)
18/07/23 23:31:14 INFO BlockManagerInfo: Added broadcast_1_piece0 in memory on 127.0.0.1:51909 (size: 11.8 KB, free: 366.3 MB)
18/07/23 23:31:14 INFO SparkContext: Created broadcast 1 from broadcast at DAGScheduler.scala:1006
18/07/23 23:31:14 INFO DAGScheduler: Submitting 1 missing tasks from ShuffleMapStage 1 (MapPartitionsRDD[12] at sql at NativeMethodAccessorImpl.java:0) (first 15 tasks are for partitions Vector(0))
18/07/23 23:31:14 INFO TaskSchedulerImpl: Adding task set 1.0 with 1 tasks
18/07/23 23:31:15 WARN TaskSetManager: Stage 1 contains a task of very large size (27699 KB). The maximum recommended task size is 100 KB.
18/07/23 23:31:15 INFO TaskSetManager: Starting task 0.0 in stage 1.0 (TID 1, localhost, executor driver, partition 0, PROCESS_LOCAL, 28364103 bytes)
18/07/23 23:31:15 INFO Executor: Running task 0.0 in stage 1.0 (TID 1)
18/07/23 23:31:15 INFO CodeGenerator: Code generated in 46.918732 ms
18/07/23 23:31:16 INFO CodeGenerator: Code generated in 301.92297 ms
18/07/23 23:31:18 INFO ContextCleaner: Cleaned accumulator 51
18/07/23 23:31:24 INFO MemoryStore: Block rdd_9_0 stored as values in memory (estimated size 22.5 MB, free 343.8 MB)
18/07/23 23:31:24 INFO BlockManagerInfo: Added rdd_9_0 in memory on 127.0.0.1:51909 (size: 22.5 MB, free: 343.8 MB)
18/07/23 23:31:24 INFO CodeGenerator: Code generated in 11.494232 ms
18/07/23 23:31:24 INFO CodeGenerator: Code generated in 35.29953 ms
18/07/23 23:31:24 INFO Executor: Finished task 0.0 in stage 1.0 (TID 1). 2371 bytes result sent to driver
18/07/23 23:31:24 INFO TaskSetManager: Finished task 0.0 in stage 1.0 (TID 1) in 9925 ms on localhost (executor driver) (1/1)
18/07/23 23:31:24 INFO TaskSchedulerImpl: Removed TaskSet 1.0, whose tasks have all completed, from pool 
18/07/23 23:31:24 INFO DAGScheduler: ShuffleMapStage 1 (sql at NativeMethodAccessorImpl.java:0) finished in 9.940 s
18/07/23 23:31:24 INFO DAGScheduler: looking for newly runnable stages
18/07/23 23:31:24 INFO DAGScheduler: running: Set()
18/07/23 23:31:24 INFO DAGScheduler: waiting: Set(ResultStage 2)
18/07/23 23:31:24 INFO DAGScheduler: failed: Set()
18/07/23 23:31:24 INFO DAGScheduler: Submitting ResultStage 2 (MapPartitionsRDD[15] at sql at NativeMethodAccessorImpl.java:0), which has no missing parents
18/07/23 23:31:24 INFO MemoryStore: Block broadcast_2 stored as values in memory (estimated size 7.0 KB, free 343.8 MB)
18/07/23 23:31:24 INFO MemoryStore: Block broadcast_2_piece0 stored as bytes in memory (estimated size 3.7 KB, free 343.8 MB)
18/07/23 23:31:24 INFO BlockManagerInfo: Added broadcast_2_piece0 in memory on 127.0.0.1:51909 (size: 3.7 KB, free: 343.8 MB)
18/07/23 23:31:24 INFO SparkContext: Created broadcast 2 from broadcast at DAGScheduler.scala:1006
18/07/23 23:31:24 INFO DAGScheduler: Submitting 1 missing tasks from ResultStage 2 (MapPartitionsRDD[15] at sql at NativeMethodAccessorImpl.java:0) (first 15 tasks are for partitions Vector(0))
18/07/23 23:31:24 INFO TaskSchedulerImpl: Adding task set 2.0 with 1 tasks
18/07/23 23:31:24 INFO TaskSetManager: Starting task 0.0 in stage 2.0 (TID 2, localhost, executor driver, partition 0, ANY, 4726 bytes)
18/07/23 23:31:24 INFO Executor: Running task 0.0 in stage 2.0 (TID 2)
18/07/23 23:31:24 INFO ShuffleBlockFetcherIterator: Getting 1 non-empty blocks out of 1 blocks
18/07/23 23:31:24 INFO ShuffleBlockFetcherIterator: Started 0 remote fetches in 12 ms
18/07/23 23:31:24 INFO Executor: Finished task 0.0 in stage 2.0 (TID 2). 1581 bytes result sent to driver
18/07/23 23:31:24 INFO TaskSetManager: Finished task 0.0 in stage 2.0 (TID 2) in 85 ms on localhost (executor driver) (1/1)
18/07/23 23:31:24 INFO TaskSchedulerImpl: Removed TaskSet 2.0, whose tasks have all completed, from pool 
18/07/23 23:31:24 INFO DAGScheduler: ResultStage 2 (sql at NativeMethodAccessorImpl.java:0) finished in 0.087 s
18/07/23 23:31:24 INFO DAGScheduler: Job 1 finished: sql at NativeMethodAccessorImpl.java:0, took 10.145549 s
18/07/23 23:31:24 WARN SparkSession$Builder: Using an existing SparkSession; some configuration may not take effect.
18/07/23 23:31:24 INFO SparkSqlParser: Parsing command: SELECT count(*) FROM  `flights`
18/07/23 23:31:24 INFO HiveMetaStore: 0: get_database: default
18/07/23 23:31:24 INFO audit: ugi=tehno-gate	ip=unknown-ip-addr	cmd=get_database: default	
18/07/23 23:31:25 INFO SparkContext: Starting job: collect at utils.scala:211
18/07/23 23:31:25 INFO DAGScheduler: Registering RDD 18 (collect at utils.scala:211)
18/07/23 23:31:25 INFO DAGScheduler: Got job 2 (collect at utils.scala:211) with 1 output partitions
18/07/23 23:31:25 INFO DAGScheduler: Final stage: ResultStage 4 (collect at utils.scala:211)
18/07/23 23:31:25 INFO DAGScheduler: Parents of final stage: List(ShuffleMapStage 3)
18/07/23 23:31:25 INFO DAGScheduler: Missing parents: List(ShuffleMapStage 3)
18/07/23 23:31:25 INFO DAGScheduler: Submitting ShuffleMapStage 3 (MapPartitionsRDD[18] at collect at utils.scala:211), which has no missing parents
18/07/23 23:31:25 INFO MemoryStore: Block broadcast_3 stored as values in memory (estimated size 30.7 KB, free 343.7 MB)
18/07/23 23:31:25 INFO MemoryStore: Block broadcast_3_piece0 stored as bytes in memory (estimated size 11.7 KB, free 343.7 MB)
18/07/23 23:31:25 INFO BlockManagerInfo: Added broadcast_3_piece0 in memory on 127.0.0.1:51909 (size: 11.7 KB, free: 343.8 MB)
18/07/23 23:31:25 INFO SparkContext: Created broadcast 3 from broadcast at DAGScheduler.scala:1006
18/07/23 23:31:25 INFO DAGScheduler: Submitting 1 missing tasks from ShuffleMapStage 3 (MapPartitionsRDD[18] at collect at utils.scala:211) (first 15 tasks are for partitions Vector(0))
18/07/23 23:31:25 INFO TaskSchedulerImpl: Adding task set 3.0 with 1 tasks
18/07/23 23:31:25 WARN TaskSetManager: Stage 3 contains a task of very large size (27699 KB). The maximum recommended task size is 100 KB.
18/07/23 23:31:25 INFO TaskSetManager: Starting task 0.0 in stage 3.0 (TID 3, localhost, executor driver, partition 0, PROCESS_LOCAL, 28364103 bytes)
18/07/23 23:31:25 INFO Executor: Running task 0.0 in stage 3.0 (TID 3)
18/07/23 23:31:25 INFO BlockManagerInfo: Removed broadcast_2_piece0 on 127.0.0.1:51909 in memory (size: 3.7 KB, free: 343.8 MB)
18/07/23 23:31:26 INFO BlockManager: Found block rdd_9_0 locally
18/07/23 23:31:26 INFO Executor: Finished task 0.0 in stage 3.0 (TID 3). 1733 bytes result sent to driver
18/07/23 23:31:26 INFO TaskSetManager: Finished task 0.0 in stage 3.0 (TID 3) in 995 ms on localhost (executor driver) (1/1)
18/07/23 23:31:26 INFO TaskSchedulerImpl: Removed TaskSet 3.0, whose tasks have all completed, from pool 
18/07/23 23:31:26 INFO DAGScheduler: ShuffleMapStage 3 (collect at utils.scala:211) finished in 0.998 s
18/07/23 23:31:26 INFO DAGScheduler: looking for newly runnable stages
18/07/23 23:31:26 INFO DAGScheduler: running: Set()
18/07/23 23:31:26 INFO DAGScheduler: waiting: Set(ResultStage 4)
18/07/23 23:31:26 INFO DAGScheduler: failed: Set()
18/07/23 23:31:26 INFO DAGScheduler: Submitting ResultStage 4 (MapPartitionsRDD[21] at collect at utils.scala:211), which has no missing parents
18/07/23 23:31:26 INFO MemoryStore: Block broadcast_4 stored as values in memory (estimated size 7.0 KB, free 343.7 MB)
18/07/23 23:31:26 INFO MemoryStore: Block broadcast_4_piece0 stored as bytes in memory (estimated size 3.7 KB, free 343.7 MB)
18/07/23 23:31:26 INFO BlockManagerInfo: Added broadcast_4_piece0 in memory on 127.0.0.1:51909 (size: 3.7 KB, free: 343.8 MB)
18/07/23 23:31:26 INFO SparkContext: Created broadcast 4 from broadcast at DAGScheduler.scala:1006
18/07/23 23:31:26 INFO DAGScheduler: Submitting 1 missing tasks from ResultStage 4 (MapPartitionsRDD[21] at collect at utils.scala:211) (first 15 tasks are for partitions Vector(0))
18/07/23 23:31:26 INFO TaskSchedulerImpl: Adding task set 4.0 with 1 tasks
18/07/23 23:31:26 INFO TaskSetManager: Starting task 0.0 in stage 4.0 (TID 4, localhost, executor driver, partition 0, ANY, 4726 bytes)
18/07/23 23:31:26 INFO Executor: Running task 0.0 in stage 4.0 (TID 4)
18/07/23 23:31:26 INFO ShuffleBlockFetcherIterator: Getting 1 non-empty blocks out of 1 blocks
18/07/23 23:31:26 INFO ShuffleBlockFetcherIterator: Started 0 remote fetches in 1 ms
18/07/23 23:31:26 INFO Executor: Finished task 0.0 in stage 4.0 (TID 4). 1495 bytes result sent to driver
18/07/23 23:31:26 INFO TaskSetManager: Finished task 0.0 in stage 4.0 (TID 4) in 11 ms on localhost (executor driver) (1/1)
18/07/23 23:31:26 INFO TaskSchedulerImpl: Removed TaskSet 4.0, whose tasks have all completed, from pool 
18/07/23 23:31:26 INFO DAGScheduler: ResultStage 4 (collect at utils.scala:211) finished in 0.012 s
18/07/23 23:31:26 INFO DAGScheduler: Job 2 finished: collect at utils.scala:211, took 1.059928 s
18/07/23 23:31:26 INFO CodeGenerator: Code generated in 13.63925 ms
18/07/23 23:31:26 WARN SparkSession$Builder: Using an existing SparkSession; some configuration may not take effect.
18/07/23 23:31:26 INFO SparkSqlParser: Parsing command: SELECT *
FROM `flights` AS `zzz1`
WHERE (0 = 1)
18/07/23 23:31:27 WARN SparkSession$Builder: Using an existing SparkSession; some configuration may not take effect.
18/07/23 23:31:27 INFO SparkSqlParser: Parsing command: SELECT *
FROM `flights`
18/07/23 23:31:28 INFO SparkSqlParser: Parsing command: sparklyr_tmp_2b40260a469e
18/07/23 23:31:28 WARN SparkSession$Builder: Using an existing SparkSession; some configuration may not take effect.
18/07/23 23:31:28 INFO SparkSqlParser: Parsing command: SELECT *
FROM `sparklyr_tmp_2b40260a469e` AS `zzz2`
WHERE (0 = 1)
18/07/23 23:31:28 WARN SparkSession$Builder: Using an existing SparkSession; some configuration may not take effect.
18/07/23 23:31:28 INFO SparkSqlParser: Parsing command: SELECT *
FROM `sparklyr_tmp_2b40260a469e`
18/07/23 23:31:28 INFO CodeGenerator: Code generated in 59.869742 ms
18/07/23 23:31:28 INFO SparkContext: Starting job: collect at utils.scala:211
18/07/23 23:31:28 INFO DAGScheduler: Got job 3 (collect at utils.scala:211) with 1 output partitions
18/07/23 23:31:28 INFO DAGScheduler: Final stage: ResultStage 5 (collect at utils.scala:211)
18/07/23 23:31:28 INFO DAGScheduler: Parents of final stage: List()
18/07/23 23:31:28 INFO DAGScheduler: Missing parents: List()
18/07/23 23:31:28 INFO DAGScheduler: Submitting ResultStage 5 (MapPartitionsRDD[24] at collect at utils.scala:211), which has no missing parents
18/07/23 23:31:28 INFO MemoryStore: Block broadcast_5 stored as values in memory (estimated size 39.5 KB, free 343.7 MB)
18/07/23 23:31:28 INFO MemoryStore: Block broadcast_5_piece0 stored as bytes in memory (estimated size 14.8 KB, free 343.7 MB)
18/07/23 23:31:28 INFO BlockManagerInfo: Added broadcast_5_piece0 in memory on 127.0.0.1:51909 (size: 14.8 KB, free: 343.8 MB)
18/07/23 23:31:28 INFO SparkContext: Created broadcast 5 from broadcast at DAGScheduler.scala:1006
18/07/23 23:31:28 INFO DAGScheduler: Submitting 1 missing tasks from ResultStage 5 (MapPartitionsRDD[24] at collect at utils.scala:211) (first 15 tasks are for partitions Vector(0))
18/07/23 23:31:28 INFO TaskSchedulerImpl: Adding task set 5.0 with 1 tasks
18/07/23 23:31:28 INFO BlockManagerInfo: Removed broadcast_4_piece0 on 127.0.0.1:51909 in memory (size: 3.7 KB, free: 343.8 MB)
18/07/23 23:31:28 INFO BlockManagerInfo: Removed broadcast_3_piece0 on 127.0.0.1:51909 in memory (size: 11.7 KB, free: 343.8 MB)
18/07/23 23:31:28 WARN TaskSetManager: Stage 5 contains a task of very large size (27699 KB). The maximum recommended task size is 100 KB.
18/07/23 23:31:28 INFO TaskSetManager: Starting task 0.0 in stage 5.0 (TID 5, localhost, executor driver, partition 0, PROCESS_LOCAL, 28364114 bytes)
18/07/23 23:31:28 INFO Executor: Running task 0.0 in stage 5.0 (TID 5)
18/07/23 23:31:29 INFO ContextCleaner: Cleaned accumulator 53
18/07/23 23:31:29 INFO BlockManagerInfo: Removed broadcast_1_piece0 on 127.0.0.1:51909 in memory (size: 11.8 KB, free: 343.8 MB)
18/07/23 23:31:29 INFO ContextCleaner: Cleaned accumulator 52
18/07/23 23:31:29 INFO ContextCleaner: Cleaned accumulator 112
18/07/23 23:31:29 INFO ContextCleaner: Cleaned accumulator 54
18/07/23 23:31:29 INFO ContextCleaner: Cleaned accumulator 60
18/07/23 23:31:29 INFO ContextCleaner: Cleaned accumulator 57
18/07/23 23:31:29 INFO ContextCleaner: Cleaned accumulator 62
18/07/23 23:31:29 INFO ContextCleaner: Cleaned shuffle 0
18/07/23 23:31:29 INFO ContextCleaner: Cleaned accumulator 55
18/07/23 23:31:29 INFO ContextCleaner: Cleaned accumulator 56
18/07/23 23:31:29 INFO ContextCleaner: Cleaned accumulator 63
18/07/23 23:31:29 INFO ContextCleaner: Cleaned accumulator 61
18/07/23 23:31:29 INFO ContextCleaner: Cleaned accumulator 59
18/07/23 23:31:29 INFO ContextCleaner: Cleaned accumulator 58
18/07/23 23:31:29 INFO BlockManager: Found block rdd_9_0 locally
18/07/23 23:31:29 INFO CodeGenerator: Code generated in 141.698604 ms
18/07/23 23:31:31 INFO MemoryStore: Block taskresult_5 stored as bytes in memory (estimated size 19.2 MB, free 324.6 MB)
18/07/23 23:31:31 INFO BlockManagerInfo: Added taskresult_5 in memory on 127.0.0.1:51909 (size: 19.2 MB, free: 324.6 MB)
18/07/23 23:31:31 INFO Executor: Finished task 0.0 in stage 5.0 (TID 5). 20124039 bytes result sent via BlockManager)
18/07/23 23:31:31 INFO TransportClientFactory: Successfully created connection to /127.0.0.1:51909 after 4 ms (0 ms spent in bootstraps)
18/07/23 23:31:32 INFO TaskSetManager: Finished task 0.0 in stage 5.0 (TID 5) in 3945 ms on localhost (executor driver) (1/1)
18/07/23 23:31:32 INFO TaskSchedulerImpl: Removed TaskSet 5.0, whose tasks have all completed, from pool 
18/07/23 23:31:32 INFO DAGScheduler: ResultStage 5 (collect at utils.scala:211) finished in 3.948 s
18/07/23 23:31:32 INFO DAGScheduler: Job 3 finished: collect at utils.scala:211, took 3.969762 s
18/07/23 23:31:32 INFO BlockManagerInfo: Removed taskresult_5 on 127.0.0.1:51909 in memory (size: 19.2 MB, free: 343.8 MB)
18/07/23 23:31:32 INFO CodeGenerator: Code generated in 48.426825 ms
18/07/23 23:31:34 INFO BlockManagerInfo: Removed broadcast_5_piece0 on 127.0.0.1:51909 in memory (size: 14.8 KB, free: 343.8 MB)
18/07/23 23:31:58 WARN SparkSession$Builder: Using an existing SparkSession; some configuration may not take effect.
18/07/23 23:31:58 INFO SparkSqlParser: Parsing command: SHOW TABLES
18/07/23 23:31:58 INFO HiveMetaStore: 0: get_database: default
18/07/23 23:31:58 INFO audit: ugi=tehno-gate	ip=unknown-ip-addr	cmd=get_database: default	
18/07/23 23:31:58 INFO HiveMetaStore: 0: get_database: default
18/07/23 23:31:58 INFO audit: ugi=tehno-gate	ip=unknown-ip-addr	cmd=get_database: default	
18/07/23 23:31:58 INFO HiveMetaStore: 0: get_tables: db=default pat=*
18/07/23 23:31:58 INFO audit: ugi=tehno-gate	ip=unknown-ip-addr	cmd=get_tables: db=default pat=*	
18/07/23 23:31:58 INFO CodeGenerator: Code generated in 15.629113 ms
